Using pre-set license
Built from '2020.2/release' branch; Version is '2020.2.2f1 (068178b99f32) revision 426360'; Using compiler version '192528614'; Build Type 'Release'
OS: 'Windows 10 Pro; OS build 19042.746; Version 2009; 64bit' Language: 'en' Physical Memory: 16217 MB
BatchMode: 1, IsHumanControllingUs: 0, StartBugReporterOnCrash: 0, Is64bit: 1, IsPro: 0

 COMMAND LINE ARGUMENTS:
C:\Program Files\Unity\Hub\Editor\2020.2.2f1\Editor\Unity.exe
-adb2
-batchMode
-noUpm
-name
AssetImportWorker0
-projectPath
F:/Dev/Unity/GGJ21/Unityproj/GGJ1_Lost&Found
-logFile
Logs/AssetImportWorker0.log
-srvPort
65082
Successfully changed project path to: F:/Dev/Unity/GGJ21/Unityproj/GGJ1_Lost&Found
F:/Dev/Unity/GGJ21/Unityproj/GGJ1_Lost&Found
Using Asset Import Pipeline V2.
Refreshing native plugins compatible for Editor in 49.03 ms, found 1 plugins.
Preloading 0 native plugins for Editor in 0.00 ms.
Initialize engine version: 2020.2.2f1 (068178b99f32)
[Subsystems] Discovering subsystems at path C:/Program Files/Unity/Hub/Editor/2020.2.2f1/Editor/Data/Resources/UnitySubsystems
[Subsystems] Discovering subsystems at path F:/Dev/Unity/GGJ21/Unityproj/GGJ1_Lost&Found/Assets
GfxDevice: creating device client; threaded=0
Direct3D:
    Version:  Direct3D 11.0 [level 11.1]
    Renderer: Radeon RX 580 Series (ID=0x67df)
    Vendor:   
    VRAM:     8171 MB
    Driver:   27.20.14527.2002
Initialize mono
Mono path[0] = 'C:/Program Files/Unity/Hub/Editor/2020.2.2f1/Editor/Data/Managed'
Mono path[1] = 'C:/Program Files/Unity/Hub/Editor/2020.2.2f1/Editor/Data/MonoBleedingEdge/lib/mono/unityjit'
Mono config path = 'C:/Program Files/Unity/Hub/Editor/2020.2.2f1/Editor/Data/MonoBleedingEdge/etc'
Using monoOptions --debugger-agent=transport=dt_socket,embedding=1,server=y,suspend=n,address=127.0.0.1:56864
Begin MonoManager ReloadAssembly
Registering precompiled unity dll's ...
Register platform support module: C:/Program Files/Unity/Hub/Editor/2020.2.2f1/Editor/Data/PlaybackEngines/WebGLSupport/UnityEditor.WebGL.Extensions.dll
Register platform support module: C:/Program Files/Unity/Hub/Editor/2020.2.2f1/Editor/Data/PlaybackEngines/WindowsStandaloneSupport/UnityEditor.WindowsStandalone.Extensions.dll
Registered in 0.002955 seconds.
Native extension for WindowsStandalone target not found
Native extension for WebGL target not found
Refreshing native plugins compatible for Editor in 46.80 ms, found 1 plugins.
Preloading 0 native plugins for Editor in 0.00 ms.
Invoked RoslynAnalysisRunner static constructor.
RoslynAnalysisRunner will not be running.
RoslynAnalysisRunner has terminated.
Mono: successfully reloaded assembly
- Completed reload, in  2.145 seconds
Platform modules already initialized, skipping
Registering precompiled user dll's ...
Registered in 0.001032 seconds.
Begin MonoManager ReloadAssembly
Native extension for WindowsStandalone target not found
Native extension for WebGL target not found
Refreshing native plugins compatible for Editor in 51.63 ms, found 1 plugins.
Preloading 0 native plugins for Editor in 0.00 ms.
Invoked RoslynAnalysisRunner static constructor.
RoslynAnalysisRunner will not be running.
RoslynAnalysisRunner has terminated.
Mono: successfully reloaded assembly
- Completed reload, in  1.141 seconds
Platform modules already initialized, skipping
========================================================================
Worker process is ready to serve import requests
Launched and connected shader compiler UnityShaderCompiler.exe after 0.05 seconds
Refreshing native plugins compatible for Editor in 0.61 ms, found 1 plugins.
Preloading 0 native plugins for Editor in 0.00 ms.
Unloading 2548 Unused Serialized files (Serialized files now loaded: 0)
System memory in use before: 106.8 MB.
System memory in use after: 106.9 MB.

Unloading 24 unused Assets to reduce memory usage. Loaded Objects now: 2991.
Total: 3.042500 ms (FindLiveObjects: 0.450000 ms CreateObjectMapping: 0.128500 ms MarkObjects: 2.328600 ms  DeleteObjects: 0.133800 ms)

========================================================================
Received Import Request.
  path: Assets/FungusExamples/Sherlock/Portraits/John/neutral2.png
  artifactKey: Guid(7c9434f7e81b4264f9c56afc7180b8cf) Importer(815301076,1909f56bfc062723c751e8b465ee728b)
Start importing Assets/FungusExamples/Sherlock/Portraits/John/neutral2.png using Guid(7c9434f7e81b4264f9c56afc7180b8cf) Importer(815301076,1909f56bfc062723c751e8b465ee728b)  -> (artifact id: 'f8af7fa549095c0ddee2ba184957cf22') in 0.170100 seconds
  Import took 0.174747 seconds .

========================================================================
Received Import Request.
  Time since last request: 0.000170 seconds.
  path: Assets/FungusExamples/Sherlock/Portraits/Sherlock/suspicious.png
  artifactKey: Guid(6d5c34a95aa09ce4a9be9f7258a02c0d) Importer(815301076,1909f56bfc062723c751e8b465ee728b)
Start importing Assets/FungusExamples/Sherlock/Portraits/Sherlock/suspicious.png using Guid(6d5c34a95aa09ce4a9be9f7258a02c0d) Importer(815301076,1909f56bfc062723c751e8b465ee728b)  -> (artifact id: 'dcfe98ebaf37abd7bbf00bde09d8c5bc') in 0.032384 seconds
  Import took 0.035996 seconds .

========================================================================
Received Import Request.
  Time since last request: 0.000192 seconds.
  path: Assets/Fungus/Textures/ScriptIcon.png
  artifactKey: Guid(c22400d5bd211479099238aaacbd4852) Importer(815301076,1909f56bfc062723c751e8b465ee728b)
Start importing Assets/Fungus/Textures/ScriptIcon.png using Guid(c22400d5bd211479099238aaacbd4852) Importer(815301076,1909f56bfc062723c751e8b465ee728b)  -> (artifact id: '490b80ef0764f92c61ecfeeb2cc3e995') in 0.024803 seconds
  Import took 0.035577 seconds .

========================================================================
Received Import Request.
  Time since last request: 0.000336 seconds.
  path: Assets/FungusExamples/Sherlock/Portraits/Sherlock/laughing.png
  artifactKey: Guid(5426a8c5c16e04d439b48a522267b236) Importer(815301076,1909f56bfc062723c751e8b465ee728b)
Start importing Assets/FungusExamples/Sherlock/Portraits/Sherlock/laughing.png using Guid(5426a8c5c16e04d439b48a522267b236) Importer(815301076,1909f56bfc062723c751e8b465ee728b)  -> (artifact id: '6558451ebd151e86a977dbb50cc21bc0') in 0.033937 seconds
  Import took 0.039094 seconds .

========================================================================
Received Import Request.
  Time since last request: 0.000164 seconds.
  path: Assets/FungusExamples/Sherlock/Portraits/John/smirk.png
  artifactKey: Guid(3bcfc8e7b3c790e45b57cc6db1526225) Importer(815301076,1909f56bfc062723c751e8b465ee728b)
Start importing Assets/FungusExamples/Sherlock/Portraits/John/smirk.png using Guid(3bcfc8e7b3c790e45b57cc6db1526225) Importer(815301076,1909f56bfc062723c751e8b465ee728b)  -> (artifact id: '8c8318ef303277da9421ce8bfd07fcdc') in 0.034094 seconds
  Import took 0.039771 seconds .

========================================================================
Received Import Request.
  Time since last request: 0.000199 seconds.
  path: Assets/FungusExamples/Sherlock/Portraits/Sherlock/thinking.png
  artifactKey: Guid(e7a0368af3f28b1438c458df61e691c1) Importer(815301076,1909f56bfc062723c751e8b465ee728b)
Start importing Assets/FungusExamples/Sherlock/Portraits/Sherlock/thinking.png using Guid(e7a0368af3f28b1438c458df61e691c1) Importer(815301076,1909f56bfc062723c751e8b465ee728b)  -> (artifact id: '2612d3bacd2744495314e63b701ad13c') in 0.039961 seconds
  Import took 0.046776 seconds .

========================================================================
Received Import Request.
  Time since last request: 0.000178 seconds.
  path: Assets/Fungus/Textures/menu.png
  artifactKey: Guid(240416d45df4c6c4daec987220246861) Importer(815301076,1909f56bfc062723c751e8b465ee728b)
Start importing Assets/Fungus/Textures/menu.png using Guid(240416d45df4c6c4daec987220246861) Importer(815301076,1909f56bfc062723c751e8b465ee728b)  -> (artifact id: '6939971dc5a116d0de0f3ea8f601dfd7') in 0.025660 seconds
  Import took 0.031061 seconds .

========================================================================
Received Import Request.
  Time since last request: 0.000247 seconds.
  path: Assets/Fungus/Textures/FungusLogo.png
  artifactKey: Guid(1b656a189e6154422a74e05a56c3f245) Importer(815301076,1909f56bfc062723c751e8b465ee728b)
Start importing Assets/Fungus/Textures/FungusLogo.png using Guid(1b656a189e6154422a74e05a56c3f245) Importer(815301076,1909f56bfc062723c751e8b465ee728b)  -> (artifact id: '5d56ed546d039037eb2c9f79ed69bca9') in 0.038014 seconds
  Import took 0.043061 seconds .

========================================================================
Received Import Request.
  Time since last request: 0.000151 seconds.
  path: Assets/FungusExamples/Sherlock/Portraits/John/shocked.png
  artifactKey: Guid(6aedf8395780557418c4b84288657314) Importer(815301076,1909f56bfc062723c751e8b465ee728b)
Start importing Assets/FungusExamples/Sherlock/Portraits/John/shocked.png using Guid(6aedf8395780557418c4b84288657314) Importer(815301076,1909f56bfc062723c751e8b465ee728b)  -> (artifact id: '6d8bd8f42ba8265d6742386937795cfd') in 0.030831 seconds
  Import took 0.035886 seconds .

========================================================================
Received Import Request.
  Time since last request: 0.000159 seconds.
  path: Assets/FungusExamples/TheHunter/Sprites/ShayHead.psd
  artifactKey: Guid(f7484a661774243b193bebc6e3ae5120) Importer(815301076,1909f56bfc062723c751e8b465ee728b)
Start importing Assets/FungusExamples/TheHunter/Sprites/ShayHead.psd using Guid(f7484a661774243b193bebc6e3ae5120) Importer(815301076,1909f56bfc062723c751e8b465ee728b)  -> (artifact id: '1d2aa42cca868e407287633a494273a0') in 0.035860 seconds
  Import took 0.041246 seconds .

========================================================================
Received Import Request.
  Time since last request: 0.000167 seconds.
  path: Assets/Fungus/Textures/DialogBoxSliced.png
  artifactKey: Guid(e8ab00ef0d9684dcb9deb52811d91218) Importer(815301076,1909f56bfc062723c751e8b465ee728b)
Start importing Assets/Fungus/Textures/DialogBoxSliced.png using Guid(e8ab00ef0d9684dcb9deb52811d91218) Importer(815301076,1909f56bfc062723c751e8b465ee728b)  -> (artifact id: '13978f39f59a09fbb012861687adfd73') in 0.033019 seconds
  Import took 0.037910 seconds .

========================================================================
Received Import Request.
  Time since last request: 0.001009 seconds.
  path: Assets/FungusExamples/JumpingPrax/Sprites/Switzerland.jpg
  artifactKey: Guid(4cba48f17d83f44828e13c3de6dc3aa1) Importer(815301076,1909f56bfc062723c751e8b465ee728b)
Start importing Assets/FungusExamples/JumpingPrax/Sprites/Switzerland.jpg using Guid(4cba48f17d83f44828e13c3de6dc3aa1) Importer(815301076,1909f56bfc062723c751e8b465ee728b)  -> (artifact id: '0bf836fb219773ddac381267db7e1d6f') in 0.041497 seconds
  Import took 0.049237 seconds .

========================================================================
Received Import Request.
  Time since last request: 0.000157 seconds.
  path: Assets/FungusExamples/FungusTown/Sprites/FungusTown_3.png
  artifactKey: Guid(1bf14d6bc24f540c49d36bec5f86a48a) Importer(815301076,1909f56bfc062723c751e8b465ee728b)
Start importing Assets/FungusExamples/FungusTown/Sprites/FungusTown_3.png using Guid(1bf14d6bc24f540c49d36bec5f86a48a) Importer(815301076,1909f56bfc062723c751e8b465ee728b)  -> (artifact id: '6a5bb437103db9fff76c54c2b627b01b') in 0.032677 seconds
  Import took 0.036721 seconds .

========================================================================
Received Import Request.
  Time since last request: 0.000158 seconds.
  path: Assets/FungusExamples/Sherlock/Portraits/Sherlock/sarcastic.png
  artifactKey: Guid(ed8fca01dcf5bfc4f86bc063889a5013) Importer(815301076,1909f56bfc062723c751e8b465ee728b)
Start importing Assets/FungusExamples/Sherlock/Portraits/Sherlock/sarcastic.png using Guid(ed8fca01dcf5bfc4f86bc063889a5013) Importer(815301076,1909f56bfc062723c751e8b465ee728b)  -> (artifact id: 'c5421cf73a8c304a19be1f657e6e1c0c') in 0.032925 seconds
  Import took 0.037932 seconds .

========================================================================
Received Import Request.
  Time since last request: 0.000161 seconds.
  path: Assets/FungusExamples/Playground/Sprites/Hexagon.png
  artifactKey: Guid(d77e6458673a5ff4080857204d985f54) Importer(815301076,1909f56bfc062723c751e8b465ee728b)
Start importing Assets/FungusExamples/Playground/Sprites/Hexagon.png using Guid(d77e6458673a5ff4080857204d985f54) Importer(815301076,1909f56bfc062723c751e8b465ee728b)  -> (artifact id: 'e29d43283ee2fc1314ec2fd4c9e38ff0') in 0.029058 seconds
  Import took 0.034755 seconds .

========================================================================
Received Import Request.
  Time since last request: 0.000272 seconds.
  path: Assets/FungusExamples/Sherlock/Images/ImprobableStudios.png
  artifactKey: Guid(eea3b26b25ca249f58d5659aabf1114c) Importer(815301076,1909f56bfc062723c751e8b465ee728b)
Start importing Assets/FungusExamples/Sherlock/Images/ImprobableStudios.png using Guid(eea3b26b25ca249f58d5659aabf1114c) Importer(815301076,1909f56bfc062723c751e8b465ee728b)  -> (artifact id: 'ee8c5b1bc54ed8eb4e3aea679128263f') in 0.029356 seconds
  Import took 0.034974 seconds .

========================================================================
Received Import Request.
  Time since last request: 0.000171 seconds.
  path: Assets/FungusExamples/Sherlock/Portraits/John/surprised.png
  artifactKey: Guid(267c50c3c26c7e24fa27aece06aad7cd) Importer(815301076,1909f56bfc062723c751e8b465ee728b)
Start importing Assets/FungusExamples/Sherlock/Portraits/John/surprised.png using Guid(267c50c3c26c7e24fa27aece06aad7cd) Importer(815301076,1909f56bfc062723c751e8b465ee728b)  -> (artifact id: '7803c094dee2cfe33d6ed5344b36d011') in 0.033661 seconds
  Import took 0.039219 seconds .

========================================================================
Received Import Request.
  Time since last request: 0.000635 seconds.
  path: Assets/FungusExamples/Sherlock/Images/SaraMena.png
  artifactKey: Guid(4cb7c889915644b22a94212146500698) Importer(815301076,1909f56bfc062723c751e8b465ee728b)
Start importing Assets/FungusExamples/Sherlock/Images/SaraMena.png using Guid(4cb7c889915644b22a94212146500698) Importer(815301076,1909f56bfc062723c751e8b465ee728b)  -> (artifact id: '60b2f4f720da32937f4fc5189ce185a8') in 0.044003 seconds
  Import took 0.051053 seconds .

========================================================================
Received Import Request.
  Time since last request: 0.000195 seconds.
  path: Assets/FungusExamples/JumpingPrax/Sprites/SmileyGreenAlienWow.png
  artifactKey: Guid(a3850401348404655bd0352054c28683) Importer(815301076,1909f56bfc062723c751e8b465ee728b)
Start importing Assets/FungusExamples/JumpingPrax/Sprites/SmileyGreenAlienWow.png using Guid(a3850401348404655bd0352054c28683) Importer(815301076,1909f56bfc062723c751e8b465ee728b)  -> (artifact id: 'd49fe2c806344f0a9e6318708dec7dc7') in 0.037512 seconds
  Import took 0.042965 seconds .

========================================================================
Received Import Request.
  Time since last request: 0.000233 seconds.
  path: Assets/FungusExamples/Sherlock/Portraits/Sherlock/surprised.png
  artifactKey: Guid(4cfc408caecceeb45989d991a2dccb3c) Importer(815301076,1909f56bfc062723c751e8b465ee728b)
Start importing Assets/FungusExamples/Sherlock/Portraits/Sherlock/surprised.png using Guid(4cfc408caecceeb45989d991a2dccb3c) Importer(815301076,1909f56bfc062723c751e8b465ee728b)  -> (artifact id: 'cc3c74c2ecdfbd283509b32708737478') in 0.030774 seconds
  Import took 0.037093 seconds .

========================================================================
Received Import Request.
  Time since last request: 0.000158 seconds.
  path: Assets/FungusExamples/Sherlock/Portraits/Sherlock/disgusted.png
  artifactKey: Guid(ed3f5dd119e6015479f898ab63bab12b) Importer(815301076,1909f56bfc062723c751e8b465ee728b)
Start importing Assets/FungusExamples/Sherlock/Portraits/Sherlock/disgusted.png using Guid(ed3f5dd119e6015479f898ab63bab12b) Importer(815301076,1909f56bfc062723c751e8b465ee728b)  -> (artifact id: '46782227fb754d4e62024e1b04e02c53') in 0.033036 seconds
  Import took 0.039115 seconds .

========================================================================
Received Import Request.
  Time since last request: 0.000204 seconds.
  path: Assets/FungusExamples/FungusTown/Sprites/FungusTown_1.png
  artifactKey: Guid(76a1572c73453431aacb9f1f816e1fed) Importer(815301076,1909f56bfc062723c751e8b465ee728b)
Start importing Assets/FungusExamples/FungusTown/Sprites/FungusTown_1.png using Guid(76a1572c73453431aacb9f1f816e1fed) Importer(815301076,1909f56bfc062723c751e8b465ee728b)  -> (artifact id: 'cb8a9853f99f9a353d53dd9dbe7248d7') in 0.034572 seconds
  Import took 0.042659 seconds .

========================================================================
Received Import Request.
  Time since last request: 0.000149 seconds.
  path: Assets/FungusExamples/Sherlock/Portraits/Sherlock/ill.png
  artifactKey: Guid(779f8bb1130ec974aa263a5e91518085) Importer(815301076,1909f56bfc062723c751e8b465ee728b)
Start importing Assets/FungusExamples/Sherlock/Portraits/Sherlock/ill.png using Guid(779f8bb1130ec974aa263a5e91518085) Importer(815301076,1909f56bfc062723c751e8b465ee728b)  -> (artifact id: '06978bdf4cb6fb1c63e53ded8110c853') in 0.034237 seconds
  Import took 0.038391 seconds .

========================================================================
Received Import Request.
  Time since last request: 0.000144 seconds.
  path: Assets/FungusExamples/Sherlock/Portraits/Sherlock/shocked.png
  artifactKey: Guid(f233fc32ad198a44880e410c5577da9c) Importer(815301076,1909f56bfc062723c751e8b465ee728b)
Start importing Assets/FungusExamples/Sherlock/Portraits/Sherlock/shocked.png using Guid(f233fc32ad198a44880e410c5577da9c) Importer(815301076,1909f56bfc062723c751e8b465ee728b)  -> (artifact id: 'bab4fc2d27ef6e9afdd4415d6dfac178') in 0.028293 seconds
  Import took 0.033950 seconds .

========================================================================
Received Import Request.
  Time since last request: 0.000163 seconds.
  path: Assets/FungusExamples/TheHunter/Sprites/Skipper.psd
  artifactKey: Guid(ed14cc18e1e37449eb670f2613314102) Importer(815301076,1909f56bfc062723c751e8b465ee728b)
Start importing Assets/FungusExamples/TheHunter/Sprites/Skipper.psd using Guid(ed14cc18e1e37449eb670f2613314102) Importer(815301076,1909f56bfc062723c751e8b465ee728b)  -> (artifact id: '1df451c5ddeb46f1391916bb0c470bcb') in 0.039214 seconds
  Import took 0.044884 seconds .

========================================================================
Received Import Request.
  Time since last request: 0.000503 seconds.
  path: Assets/FungusExamples/Sherlock/Portraits/Sherlock/coughing.png
  artifactKey: Guid(03f8d661d54a3a04797d21ab54424abb) Importer(815301076,1909f56bfc062723c751e8b465ee728b)
Start importing Assets/FungusExamples/Sherlock/Portraits/Sherlock/coughing.png using Guid(03f8d661d54a3a04797d21ab54424abb) Importer(815301076,1909f56bfc062723c751e8b465ee728b)  -> (artifact id: '3841e6e39a9ee4db1323274d024e32c5') in 0.035451 seconds
  Import took 0.040164 seconds .

========================================================================
Received Import Request.
  Time since last request: 0.000164 seconds.
  path: Assets/FungusExamples/Sherlock/Portraits/Sherlock/explaining.png
  artifactKey: Guid(5ba6e5e5e65bc084ba912d2d2d8718df) Importer(815301076,1909f56bfc062723c751e8b465ee728b)
Start importing Assets/FungusExamples/Sherlock/Portraits/Sherlock/explaining.png using Guid(5ba6e5e5e65bc084ba912d2d2d8718df) Importer(815301076,1909f56bfc062723c751e8b465ee728b)  -> (artifact id: '079cdf11e9cb290376ccf92ae77f84ef') in 0.026501 seconds
  Import took 0.030968 seconds .

========================================================================
Received Import Request.
  Time since last request: 0.000228 seconds.
  path: Assets/FungusExamples/Sherlock/Portraits/Sherlock/excited.png
  artifactKey: Guid(7497fd82318972540af8666a234a9685) Importer(815301076,1909f56bfc062723c751e8b465ee728b)
Start importing Assets/FungusExamples/Sherlock/Portraits/Sherlock/excited.png using Guid(7497fd82318972540af8666a234a9685) Importer(815301076,1909f56bfc062723c751e8b465ee728b)  -> (artifact id: '6d6cdcafa42ce461a34691f2ec286908') in 0.033048 seconds
  Import took 0.045379 seconds .

========================================================================
Received Import Request.
  Time since last request: 0.000807 seconds.
  path: Assets/FungusExamples/Sherlock/Portraits/John/regretful.png
  artifactKey: Guid(64376d4849cae324a80743317c8aa539) Importer(815301076,1909f56bfc062723c751e8b465ee728b)
Start importing Assets/FungusExamples/Sherlock/Portraits/John/regretful.png using Guid(64376d4849cae324a80743317c8aa539) Importer(815301076,1909f56bfc062723c751e8b465ee728b)  -> (artifact id: 'ed3da766fd4310273675cdff191ea5cf') in 0.032739 seconds
  Import took 0.038330 seconds .

========================================================================
Received Import Request.
  Time since last request: 0.000233 seconds.
  path: Assets/FungusExamples/JumpingPrax/Sprites/GreenAlienFlustered.png
  artifactKey: Guid(f2e901e070fff48cda67e3f446d80e79) Importer(815301076,1909f56bfc062723c751e8b465ee728b)
Start importing Assets/FungusExamples/JumpingPrax/Sprites/GreenAlienFlustered.png using Guid(f2e901e070fff48cda67e3f446d80e79) Importer(815301076,1909f56bfc062723c751e8b465ee728b)  -> (artifact id: 'b1d760806a26b9346f56f38cb34ac06a') in 0.034887 seconds
  Import took 0.040479 seconds .

========================================================================
Received Import Request.
  Time since last request: 0.000247 seconds.
  path: Assets/FungusExamples/FirstPerson/Visuals/Google Poly/Door/CHAHIN_DOOR_TEXTURE.jpg
  artifactKey: Guid(fa16e291d622d594da4db175836500ec) Importer(815301076,1909f56bfc062723c751e8b465ee728b)
Start importing Assets/FungusExamples/FirstPerson/Visuals/Google Poly/Door/CHAHIN_DOOR_TEXTURE.jpg using Guid(fa16e291d622d594da4db175836500ec) Importer(815301076,1909f56bfc062723c751e8b465ee728b)  -> (artifact id: '2a9c6db39baf9f8366361799a8f52b72') in 0.025127 seconds
  Import took 0.031491 seconds .

========================================================================
Received Import Request.
  Time since last request: 0.000811 seconds.
  path: Assets/Fungus/Textures/HistoryIcon.png
  artifactKey: Guid(94b4465d12d983b45a5c1af59318e72e) Importer(815301076,1909f56bfc062723c751e8b465ee728b)
Start importing Assets/Fungus/Textures/HistoryIcon.png using Guid(94b4465d12d983b45a5c1af59318e72e) Importer(815301076,1909f56bfc062723c751e8b465ee728b)  -> (artifact id: '5a387592b1a7f1db29fca1bf607e2065') in 0.025764 seconds
  Import took 0.031499 seconds .

========================================================================
Received Import Request.
  Time since last request: 0.000161 seconds.
  path: Assets/FungusExamples/Sherlock/Portraits/Sherlock/tired.png
  artifactKey: Guid(bd1b1199c415fc642ae13055981f42aa) Importer(815301076,1909f56bfc062723c751e8b465ee728b)
Start importing Assets/FungusExamples/Sherlock/Portraits/Sherlock/tired.png using Guid(bd1b1199c415fc642ae13055981f42aa) Importer(815301076,1909f56bfc062723c751e8b465ee728b)  -> (artifact id: '0358f3d599db1ae22f541ec7be5d547d') in 0.036214 seconds
  Import took 0.040490 seconds .

========================================================================
Received Import Request.
  Time since last request: 0.000192 seconds.
  path: Assets/FungusExamples/TheHunter/Sprites/DeepForest.jpg
  artifactKey: Guid(d3b6d7e5887554602baab879da8171d7) Importer(815301076,1909f56bfc062723c751e8b465ee728b)
Start importing Assets/FungusExamples/TheHunter/Sprites/DeepForest.jpg using Guid(d3b6d7e5887554602baab879da8171d7) Importer(815301076,1909f56bfc062723c751e8b465ee728b)  -> (artifact id: '7749bc2fbcbdfd975ada1a9046118f8c') in 0.040148 seconds
  Import took 0.045323 seconds .

========================================================================
Received Import Request.
  Time since last request: 0.000166 seconds.
  path: Assets/FungusExamples/Sherlock/Portraits/Sherlock/happy.png
  artifactKey: Guid(96ca91f43a9c1f74b970b59f46047e74) Importer(815301076,1909f56bfc062723c751e8b465ee728b)
Start importing Assets/FungusExamples/Sherlock/Portraits/Sherlock/happy.png using Guid(96ca91f43a9c1f74b970b59f46047e74) Importer(815301076,1909f56bfc062723c751e8b465ee728b)  -> (artifact id: '678c688daa473f22df7eac819526afb1') in 0.029677 seconds
  Import took 0.033898 seconds .

========================================================================
Received Import Request.
  Time since last request: 0.003960 seconds.
  path: Assets/Fungus/Textures/OptionButtonHighlighted.png
  artifactKey: Guid(888feb4a32e3b564fb7e6f9b28cc8e10) Importer(815301076,1909f56bfc062723c751e8b465ee728b)
Start importing Assets/Fungus/Textures/OptionButtonHighlighted.png using Guid(888feb4a32e3b564fb7e6f9b28cc8e10) Importer(815301076,1909f56bfc062723c751e8b465ee728b)  -> (artifact id: 'aa804bf30aeea4ea1f57f99c4450d411') in 0.030537 seconds
  Import took 0.036090 seconds .

========================================================================
Received Import Request.
  Time since last request: 0.000152 seconds.
  path: Assets/FungusExamples/Sherlock/Portraits/Sherlock/smirk.png
  artifactKey: Guid(58f5b79d262f6814bb4ebb44e29efe90) Importer(815301076,1909f56bfc062723c751e8b465ee728b)
Start importing Assets/FungusExamples/Sherlock/Portraits/Sherlock/smirk.png using Guid(58f5b79d262f6814bb4ebb44e29efe90) Importer(815301076,1909f56bfc062723c751e8b465ee728b)  -> (artifact id: '1640691e864235f755ed9bb23bbc2db5') in 0.032599 seconds
  Import took 0.039096 seconds .

========================================================================
Received Import Request.
  Time since last request: 0.000162 seconds.
  path: Assets/Fungus/Textures/ContinueIcon.png
  artifactKey: Guid(226248ac6f184e448af731df91b91958) Importer(815301076,1909f56bfc062723c751e8b465ee728b)
Start importing Assets/Fungus/Textures/ContinueIcon.png using Guid(226248ac6f184e448af731df91b91958) Importer(815301076,1909f56bfc062723c751e8b465ee728b)  -> (artifact id: '02a30ccdf392db45f7a83fcc82955d3c') in 0.028097 seconds
  Import took 0.033777 seconds .

========================================================================
Received Import Request.
  Time since last request: 0.000434 seconds.
  path: Assets/FungusExamples/TheHunter/Sprites/SanctuaryForest.jpg
  artifactKey: Guid(2230440f02def4c728f10bdb641df3a7) Importer(815301076,1909f56bfc062723c751e8b465ee728b)
Start importing Assets/FungusExamples/TheHunter/Sprites/SanctuaryForest.jpg using Guid(2230440f02def4c728f10bdb641df3a7) Importer(815301076,1909f56bfc062723c751e8b465ee728b)  -> (artifact id: 'f7789bf49347e4b1b57c05c7c7ff08b2') in 0.045578 seconds
  Import took 0.051059 seconds .

========================================================================
Received Import Request.
  Time since last request: 0.000153 seconds.
  path: Assets/FungusExamples/Sherlock/Portraits/John/sarcastic.png
  artifactKey: Guid(cbc4101c77001344eb9d31ddf978001c) Importer(815301076,1909f56bfc062723c751e8b465ee728b)
Start importing Assets/FungusExamples/Sherlock/Portraits/John/sarcastic.png using Guid(cbc4101c77001344eb9d31ddf978001c) Importer(815301076,1909f56bfc062723c751e8b465ee728b)  -> (artifact id: '85b5eaf09eb2e978525b2e9508f52013') in 0.022877 seconds
  Import took 0.031776 seconds .

========================================================================
Received Import Request.
  Time since last request: 0.000369 seconds.
  path: Assets/FungusExamples/Sherlock/Portraits/John/laughing.png
  artifactKey: Guid(d7af8fdea3ead3c4b8a4e54d014b255d) Importer(815301076,1909f56bfc062723c751e8b465ee728b)
Start importing Assets/FungusExamples/Sherlock/Portraits/John/laughing.png using Guid(d7af8fdea3ead3c4b8a4e54d014b255d) Importer(815301076,1909f56bfc062723c751e8b465ee728b)  -> (artifact id: 'f936920e666dee99dac3a06a21e7920c') in 0.023859 seconds
  Import took 0.031093 seconds .

========================================================================
Received Import Request.
  Time since last request: 0.000237 seconds.
  path: Assets/FungusExamples/Sherlock/Portraits/Sherlock/confident.png
  artifactKey: Guid(75b6e7c8c9b6b4d40ae30dc671be34b7) Importer(815301076,1909f56bfc062723c751e8b465ee728b)
Start importing Assets/FungusExamples/Sherlock/Portraits/Sherlock/confident.png using Guid(75b6e7c8c9b6b4d40ae30dc671be34b7) Importer(815301076,1909f56bfc062723c751e8b465ee728b)  -> (artifact id: '76e1f82b76775c8c05358d5d0834a36d') in 0.029038 seconds
  Import took 0.037378 seconds .

========================================================================
Received Import Request.
  Time since last request: 0.000147 seconds.
  path: Assets/FungusExamples/TheHunter/Sprites/CiaraHead.psd
  artifactKey: Guid(05ccd53483a554ca9b31f685fa76154a) Importer(815301076,1909f56bfc062723c751e8b465ee728b)
Start importing Assets/FungusExamples/TheHunter/Sprites/CiaraHead.psd using Guid(05ccd53483a554ca9b31f685fa76154a) Importer(815301076,1909f56bfc062723c751e8b465ee728b)  -> (artifact id: 'ccddcfc6073e0f3614f09a94116788c2') in 0.028669 seconds
  Import took 0.032714 seconds .

========================================================================
Received Import Request.
  Time since last request: 0.000209 seconds.
  path: Assets/FungusExamples/JumpingPrax/Sprites/GreenAlienSad.png
  artifactKey: Guid(d18d934d212d442ee90406fd28e6eef6) Importer(815301076,1909f56bfc062723c751e8b465ee728b)
Start importing Assets/FungusExamples/JumpingPrax/Sprites/GreenAlienSad.png using Guid(d18d934d212d442ee90406fd28e6eef6) Importer(815301076,1909f56bfc062723c751e8b465ee728b)  -> (artifact id: 'fa4e5fce42fd9b179e713197730cbf12') in 0.031527 seconds
  Import took 0.036853 seconds .

========================================================================
Received Import Request.
  Time since last request: 0.000144 seconds.
  path: Assets/FungusExamples/Sherlock/Portraits/Sherlock/concentrating.png
  artifactKey: Guid(bca405818493a4f4a8fb63a69294d19a) Importer(815301076,1909f56bfc062723c751e8b465ee728b)
Start importing Assets/FungusExamples/Sherlock/Portraits/Sherlock/concentrating.png using Guid(bca405818493a4f4a8fb63a69294d19a) Importer(815301076,1909f56bfc062723c751e8b465ee728b)  -> (artifact id: 'e5cad10f801b6508c40ebba0a26382f2') in 0.034678 seconds
  Import took 0.040011 seconds .

========================================================================
Received Import Request.
  Time since last request: 0.000191 seconds.
  path: Assets/FungusExamples/Sherlock/Portraits/Sherlock/texting.png
  artifactKey: Guid(d2c8a5a70bd6f11468f4d8ea151dec90) Importer(815301076,1909f56bfc062723c751e8b465ee728b)
Start importing Assets/FungusExamples/Sherlock/Portraits/Sherlock/texting.png using Guid(d2c8a5a70bd6f11468f4d8ea151dec90) Importer(815301076,1909f56bfc062723c751e8b465ee728b)  -> (artifact id: '06fc305ffaa0b3bb7cc66f3815c144d7') in 0.035016 seconds
  Import took 0.039773 seconds .

========================================================================
Received Import Request.
  Time since last request: 0.000184 seconds.
  path: Assets/Fungus/Textures/OptionButtonDisabled.png
  artifactKey: Guid(49d5ccdda7b99e24787c2abc3891294c) Importer(815301076,1909f56bfc062723c751e8b465ee728b)
Start importing Assets/Fungus/Textures/OptionButtonDisabled.png using Guid(49d5ccdda7b99e24787c2abc3891294c) Importer(815301076,1909f56bfc062723c751e8b465ee728b)  -> (artifact id: 'b9dd4a76c74c47f3d088a33e510cef3e') in 0.024483 seconds
  Import took 0.032534 seconds .

========================================================================
Received Import Request.
  Time since last request: 0.000326 seconds.
  path: Assets/Fungus/Textures/CreatedWith.psd
  artifactKey: Guid(7adcbbe62d6554d81affcab2c56ad5ac) Importer(815301076,1909f56bfc062723c751e8b465ee728b)
Start importing Assets/Fungus/Textures/CreatedWith.psd using Guid(7adcbbe62d6554d81affcab2c56ad5ac) Importer(815301076,1909f56bfc062723c751e8b465ee728b)  -> (artifact id: '11dfe517fc77fd46d9e4d5d2f6d4e124') in 0.033005 seconds
  Import took 0.037789 seconds .

========================================================================
Received Import Request.
  Time since last request: 0.000169 seconds.
  path: Assets/Fungus/Textures/OptionButtonPressed.png
  artifactKey: Guid(2e33a3f531b6adc4f9d8a99c83e2ba2d) Importer(815301076,1909f56bfc062723c751e8b465ee728b)
Start importing Assets/Fungus/Textures/OptionButtonPressed.png using Guid(2e33a3f531b6adc4f9d8a99c83e2ba2d) Importer(815301076,1909f56bfc062723c751e8b465ee728b)  -> (artifact id: 'f68981a9445f24b445543355944b5899') in 0.035934 seconds
  Import took 0.040530 seconds .

========================================================================
Received Import Request.
  Time since last request: 0.000148 seconds.
  path: Assets/FungusExamples/Sherlock/Portraits/Sherlock/pleased.png
  artifactKey: Guid(a3710c5af5b436a46b8d0ff4235d1dfe) Importer(815301076,1909f56bfc062723c751e8b465ee728b)
Start importing Assets/FungusExamples/Sherlock/Portraits/Sherlock/pleased.png using Guid(a3710c5af5b436a46b8d0ff4235d1dfe) Importer(815301076,1909f56bfc062723c751e8b465ee728b)  -> (artifact id: '0592563aba22cccde200a3998b76893e') in 0.026902 seconds
  Import took 0.031288 seconds .

========================================================================
Received Import Request.
  Time since last request: 0.000207 seconds.
  path: Assets/FungusExamples/Sherlock/Portraits/John/scared.png
  artifactKey: Guid(59bb03809f57a71499d03ddac98c4203) Importer(815301076,1909f56bfc062723c751e8b465ee728b)
Start importing Assets/FungusExamples/Sherlock/Portraits/John/scared.png using Guid(59bb03809f57a71499d03ddac98c4203) Importer(815301076,1909f56bfc062723c751e8b465ee728b)  -> (artifact id: '866b59a9786143db578f5872f5434ce4') in 0.040492 seconds
  Import took 0.046390 seconds .

========================================================================
Received Import Request.
  Time since last request: 0.000245 seconds.
  path: Assets/Fungus/Textures/Mushroom.png
  artifactKey: Guid(ea8f56c43254d41728f5ac4e8299b6c9) Importer(815301076,1909f56bfc062723c751e8b465ee728b)
Start importing Assets/Fungus/Textures/Mushroom.png using Guid(ea8f56c43254d41728f5ac4e8299b6c9) Importer(815301076,1909f56bfc062723c751e8b465ee728b)  -> (artifact id: 'cd310b29edf654ff5dad3cf8188e4f31') in 0.033788 seconds
  Import took 0.039470 seconds .

========================================================================
Received Import Request.
  Time since last request: 0.000178 seconds.
  path: Assets/FungusExamples/Playground/Sprites/Square.png
  artifactKey: Guid(3cb7c35a750699348a04840d1ae1be5e) Importer(815301076,1909f56bfc062723c751e8b465ee728b)
Start importing Assets/FungusExamples/Playground/Sprites/Square.png using Guid(3cb7c35a750699348a04840d1ae1be5e) Importer(815301076,1909f56bfc062723c751e8b465ee728b)  -> (artifact id: '49f150cfd35b52c343e79dd9d203c4e5') in 0.033284 seconds
  Import took 0.037878 seconds .

========================================================================
Received Import Request.
  Time since last request: 0.000187 seconds.
  path: Assets/FungusExamples/Sherlock/Portraits/John/confident.png
  artifactKey: Guid(03bc547cc0049594bae51f00903eedef) Importer(815301076,1909f56bfc062723c751e8b465ee728b)
Start importing Assets/FungusExamples/Sherlock/Portraits/John/confident.png using Guid(03bc547cc0049594bae51f00903eedef) Importer(815301076,1909f56bfc062723c751e8b465ee728b)  -> (artifact id: '11261ae60675cb2cd12ae1c8c370d86c') in 0.029636 seconds
  Import took 0.034278 seconds .

========================================================================
Received Import Request.
  Time since last request: 0.000207 seconds.
  path: Assets/FungusExamples/Sherlock/Portraits/John/suspicious.png
  artifactKey: Guid(59d7c816c1cfb9944b5a28dfbbfe2109) Importer(815301076,1909f56bfc062723c751e8b465ee728b)
Start importing Assets/FungusExamples/Sherlock/Portraits/John/suspicious.png using Guid(59d7c816c1cfb9944b5a28dfbbfe2109) Importer(815301076,1909f56bfc062723c751e8b465ee728b)  -> (artifact id: '42f421f106b2a1216bf23174b7bc61f8') in 0.021903 seconds
  Import took 0.029581 seconds .

========================================================================
Received Import Request.
  Time since last request: 0.000165 seconds.
  path: Assets/FungusExamples/Sherlock/Portraits/Sherlock/sorry.png
  artifactKey: Guid(97171eca7b577c5438e9516b956c042a) Importer(815301076,1909f56bfc062723c751e8b465ee728b)
Start importing Assets/FungusExamples/Sherlock/Portraits/Sherlock/sorry.png using Guid(97171eca7b577c5438e9516b956c042a) Importer(815301076,1909f56bfc062723c751e8b465ee728b)  -> (artifact id: '0a518db3947003e6bc91cfb1ac5dfc70') in 0.031846 seconds
  Import took 0.041840 seconds .

========================================================================
Received Import Request.
  Time since last request: 0.000153 seconds.
  path: Assets/FungusExamples/JumpingPrax/Sprites/SmileyGreenAlienNerdy.png
  artifactKey: Guid(088536216c5364d2ba277595d378c215) Importer(815301076,1909f56bfc062723c751e8b465ee728b)
Start importing Assets/FungusExamples/JumpingPrax/Sprites/SmileyGreenAlienNerdy.png using Guid(088536216c5364d2ba277595d378c215) Importer(815301076,1909f56bfc062723c751e8b465ee728b)  -> (artifact id: '23ce014cdbc22483fa7043ee8e4b2031') in 0.029758 seconds
  Import took 0.033623 seconds .

========================================================================
Received Import Request.
  Time since last request: 0.000152 seconds.
  path: Assets/FungusExamples/FungusTown/Sprites/FungusTown_2.png
  artifactKey: Guid(f333ca7fd8eb149dcb68ec768620a88b) Importer(815301076,1909f56bfc062723c751e8b465ee728b)
Start importing Assets/FungusExamples/FungusTown/Sprites/FungusTown_2.png using Guid(f333ca7fd8eb149dcb68ec768620a88b) Importer(815301076,1909f56bfc062723c751e8b465ee728b)  -> (artifact id: '4a70b529267d39c392e0d2edd0921d9e') in 0.040567 seconds
  Import took 0.045029 seconds .

========================================================================
Received Import Request.
  Time since last request: 0.000163 seconds.
  path: Assets/FungusExamples/Sherlock/Portraits/John/neutral.png
  artifactKey: Guid(a79a4c2e96ba5fd418c637fe852e92d9) Importer(815301076,1909f56bfc062723c751e8b465ee728b)
Start importing Assets/FungusExamples/Sherlock/Portraits/John/neutral.png using Guid(a79a4c2e96ba5fd418c637fe852e92d9) Importer(815301076,1909f56bfc062723c751e8b465ee728b)  -> (artifact id: '60bace4bfdce06065d0cb8581998dcc1') in 0.036817 seconds
  Import took 0.041183 seconds .

========================================================================
Received Import Request.
  Time since last request: 0.000149 seconds.
  path: Assets/Fungus/Textures/GreyButton.png
  artifactKey: Guid(9bdedfa4650174106a3115624f193b99) Importer(815301076,1909f56bfc062723c751e8b465ee728b)
Start importing Assets/Fungus/Textures/GreyButton.png using Guid(9bdedfa4650174106a3115624f193b99) Importer(815301076,1909f56bfc062723c751e8b465ee728b)  -> (artifact id: 'e867079315d7396fe039cb4719aec6ff') in 0.037787 seconds
  Import took 0.042031 seconds .

========================================================================
Received Import Request.
  Time since last request: 0.000163 seconds.
  path: Assets/FungusExamples/Playground/Sprites/Circle.png
  artifactKey: Guid(6f62c397230d6d845b87a8e53d67c0e1) Importer(815301076,1909f56bfc062723c751e8b465ee728b)
Start importing Assets/FungusExamples/Playground/Sprites/Circle.png using Guid(6f62c397230d6d845b87a8e53d67c0e1) Importer(815301076,1909f56bfc062723c751e8b465ee728b)  -> (artifact id: 'd8e90cfccd979ac8ca62f8f3dbdf8739') in 0.027836 seconds
  Import took 0.032300 seconds .

========================================================================
Received Import Request.
  Time since last request: 0.000160 seconds.
  path: Assets/FungusExamples/Sherlock/Portraits/Sherlock/eyeroll.png
  artifactKey: Guid(b9482ea03e69b5a4aa5e7827da354549) Importer(815301076,1909f56bfc062723c751e8b465ee728b)
Start importing Assets/FungusExamples/Sherlock/Portraits/Sherlock/eyeroll.png using Guid(b9482ea03e69b5a4aa5e7827da354549) Importer(815301076,1909f56bfc062723c751e8b465ee728b)  -> (artifact id: '61a45819f246e5b54accbbc84a59e686') in 0.030467 seconds
  Import took 0.036295 seconds .

========================================================================
Received Import Request.
  Time since last request: 0.000152 seconds.
  path: Assets/FungusExamples/Sherlock/Portraits/Sherlock/scared.png
  artifactKey: Guid(448053637e8df7a42824234afeafa291) Importer(815301076,1909f56bfc062723c751e8b465ee728b)
Start importing Assets/FungusExamples/Sherlock/Portraits/Sherlock/scared.png using Guid(448053637e8df7a42824234afeafa291) Importer(815301076,1909f56bfc062723c751e8b465ee728b)  -> (artifact id: '83f0cd992e4b4aa53027e269d729904c') in 0.029909 seconds
  Import took 0.033814 seconds .

========================================================================
Received Import Request.
  Time since last request: 0.000245 seconds.
  path: Assets/FungusExamples/Sherlock/Portraits/John/sulking.png
  artifactKey: Guid(d38d394fe4d92ae4da3d41e6ff3b0385) Importer(815301076,1909f56bfc062723c751e8b465ee728b)
Start importing Assets/FungusExamples/Sherlock/Portraits/John/sulking.png using Guid(d38d394fe4d92ae4da3d41e6ff3b0385) Importer(815301076,1909f56bfc062723c751e8b465ee728b)  -> (artifact id: 'a390e7e70d4d63a4fd36b49d59ef65bc') in 0.027711 seconds
  Import took 0.046571 seconds .

========================================================================
Received Import Request.
  Time since last request: 0.000153 seconds.
  path: Assets/FungusExamples/Sherlock/Portraits/Sherlock/deduction.png
  artifactKey: Guid(529a0cc84e8173a4d8f60e222d904cdb) Importer(815301076,1909f56bfc062723c751e8b465ee728b)
Start importing Assets/FungusExamples/Sherlock/Portraits/Sherlock/deduction.png using Guid(529a0cc84e8173a4d8f60e222d904cdb) Importer(815301076,1909f56bfc062723c751e8b465ee728b)  -> (artifact id: '639621aa0c7d3b505c9bd7ba55ade2ca') in 0.027832 seconds
  Import took 0.033148 seconds .

========================================================================
Received Import Request.
  Time since last request: 0.000158 seconds.
  path: Assets/FungusExamples/Sherlock/Portraits/John/tired.png
  artifactKey: Guid(3f74023835f9bd34d88b85ac04062465) Importer(815301076,1909f56bfc062723c751e8b465ee728b)
Start importing Assets/FungusExamples/Sherlock/Portraits/John/tired.png using Guid(3f74023835f9bd34d88b85ac04062465) Importer(815301076,1909f56bfc062723c751e8b465ee728b)  -> (artifact id: '8d2f0794600595b58490122a6fa71462') in 0.019888 seconds
  Import took 0.026461 seconds .

========================================================================
Received Import Request.
  Time since last request: 0.000280 seconds.
  path: Assets/FungusExamples/TheHunter/Sprites/Shay.psd
  artifactKey: Guid(6b100daff28d04f69a49015f83966425) Importer(815301076,1909f56bfc062723c751e8b465ee728b)
Start importing Assets/FungusExamples/TheHunter/Sprites/Shay.psd using Guid(6b100daff28d04f69a49015f83966425) Importer(815301076,1909f56bfc062723c751e8b465ee728b)  -> (artifact id: '0f66f2b41a41c40f2da567c4971e75ac') in 0.036574 seconds
  Import took 0.041666 seconds .

========================================================================
Received Import Request.
  Time since last request: 0.000205 seconds.
  path: Assets/FungusExamples/FungusTown/Sprites/FungusLogo.png
  artifactKey: Guid(63bf7975446de4f0887eff3390fbb4ea) Importer(815301076,1909f56bfc062723c751e8b465ee728b)
Start importing Assets/FungusExamples/FungusTown/Sprites/FungusLogo.png using Guid(63bf7975446de4f0887eff3390fbb4ea) Importer(815301076,1909f56bfc062723c751e8b465ee728b)  -> (artifact id: '76d6b3886a03e46aed88a5f23d3b1a60') in 0.026367 seconds
  Import took 0.030345 seconds .

========================================================================
Received Import Request.
  Time since last request: 0.000183 seconds.
  path: Assets/FungusExamples/Sherlock/Portraits/Sherlock/serious.png
  artifactKey: Guid(7add35a7d20a5ee41b0bfde9052ddfd6) Importer(815301076,1909f56bfc062723c751e8b465ee728b)
Start importing Assets/FungusExamples/Sherlock/Portraits/Sherlock/serious.png using Guid(7add35a7d20a5ee41b0bfde9052ddfd6) Importer(815301076,1909f56bfc062723c751e8b465ee728b)  -> (artifact id: '097a59590ccd910600c8800554a79c40') in 0.034486 seconds
  Import took 0.038968 seconds .

========================================================================
Received Import Request.
  Time since last request: 0.000042 seconds.
  path: Assets/FungusExamples/Sherlock/Portraits/John/sad.png
  artifactKey: Guid(96b0380b84e6f4546886b1d58ca0f280) Importer(815301076,1909f56bfc062723c751e8b465ee728b)
Start importing Assets/FungusExamples/Sherlock/Portraits/John/sad.png using Guid(96b0380b84e6f4546886b1d58ca0f280) Importer(815301076,1909f56bfc062723c751e8b465ee728b)  -> (artifact id: '1f1a88583d04549d85ce2be74a43b625') in 0.030445 seconds
  Import took 0.036177 seconds .

========================================================================
Received Import Request.
  Time since last request: 0.000196 seconds.
  path: Assets/FungusExamples/Sherlock/Portraits/John/pleased.png
  artifactKey: Guid(ab808050bc535a643afaf4755050339e) Importer(815301076,1909f56bfc062723c751e8b465ee728b)
Start importing Assets/FungusExamples/Sherlock/Portraits/John/pleased.png using Guid(ab808050bc535a643afaf4755050339e) Importer(815301076,1909f56bfc062723c751e8b465ee728b)  -> (artifact id: '7273b336f8f8ddcaec85db81717bdc3e') in 0.029983 seconds
  Import took 0.036144 seconds .

========================================================================
Received Import Request.
  Time since last request: 0.000171 seconds.
  path: Assets/FungusExamples/Sherlock/Portraits/John/serious.png
  artifactKey: Guid(09b05a675bbbc4e4b8f3b031a1fb63f5) Importer(815301076,1909f56bfc062723c751e8b465ee728b)
Start importing Assets/FungusExamples/Sherlock/Portraits/John/serious.png using Guid(09b05a675bbbc4e4b8f3b031a1fb63f5) Importer(815301076,1909f56bfc062723c751e8b465ee728b)  -> (artifact id: 'bdaca7179ea9f269a02aed36c7028bbe') in 0.023993 seconds
  Import took 0.033773 seconds .

========================================================================
Received Import Request.
  Time since last request: 0.000239 seconds.
  path: Assets/FungusExamples/Sherlock/Portraits/John/pained.png
  artifactKey: Guid(636094c1361ce1b44b4ace0fc587d758) Importer(815301076,1909f56bfc062723c751e8b465ee728b)
Start importing Assets/FungusExamples/Sherlock/Portraits/John/pained.png using Guid(636094c1361ce1b44b4ace0fc587d758) Importer(815301076,1909f56bfc062723c751e8b465ee728b)  -> (artifact id: '8520e23432f005fd3b87b64d0a4dac2e') in 0.036248 seconds
  Import took 0.040984 seconds .

========================================================================
Received Import Request.
  Time since last request: 0.000166 seconds.
  path: Assets/Fungus/Textures/OptionButton.png
  artifactKey: Guid(c207de86481ff7d48a2fba2fcc374723) Importer(815301076,1909f56bfc062723c751e8b465ee728b)
Start importing Assets/Fungus/Textures/OptionButton.png using Guid(c207de86481ff7d48a2fba2fcc374723) Importer(815301076,1909f56bfc062723c751e8b465ee728b)  -> (artifact id: '2b3055fbb91422d059e3adbf4c16c5ca') in 0.022086 seconds
  Import took 0.031381 seconds .

========================================================================
Received Import Request.
  Time since last request: 0.000345 seconds.
  path: Assets/Fungus/Textures/DialogBox.png
  artifactKey: Guid(eeb00f6cd27e9ef4d9174551b3342dec) Importer(815301076,1909f56bfc062723c751e8b465ee728b)
Start importing Assets/Fungus/Textures/DialogBox.png using Guid(eeb00f6cd27e9ef4d9174551b3342dec) Importer(815301076,1909f56bfc062723c751e8b465ee728b)  -> (artifact id: 'daa490aa599e0b71842de27d2b1a43b9') in 0.021102 seconds
  Import took 0.030621 seconds .

========================================================================
Received Import Request.
  Time since last request: 0.000165 seconds.
  path: Assets/FungusExamples/Sherlock/Portraits/Sherlock/sherlock_neutral.png
  artifactKey: Guid(cec88ab3171afc54b92db075974123ea) Importer(815301076,1909f56bfc062723c751e8b465ee728b)
Start importing Assets/FungusExamples/Sherlock/Portraits/Sherlock/sherlock_neutral.png using Guid(cec88ab3171afc54b92db075974123ea) Importer(815301076,1909f56bfc062723c751e8b465ee728b)  -> (artifact id: '002091f53a6935b4f8af136e1c6a992d') in 0.034821 seconds
  Import took 0.044322 seconds .

========================================================================
Received Import Request.
  Time since last request: 0.000171 seconds.
  path: Assets/FungusExamples/Sherlock/Portraits/John/sorry.png
  artifactKey: Guid(bb66ae101c944a34e870fde3693b756d) Importer(815301076,1909f56bfc062723c751e8b465ee728b)
Start importing Assets/FungusExamples/Sherlock/Portraits/John/sorry.png using Guid(bb66ae101c944a34e870fde3693b756d) Importer(815301076,1909f56bfc062723c751e8b465ee728b)  -> (artifact id: '8df4613fee7414075474bd4da0c57124') in 0.021416 seconds
  Import took 0.029653 seconds .

========================================================================
Received Import Request.
  Time since last request: 0.000277 seconds.
  path: Assets/Fungus/Textures/rewind.png
  artifactKey: Guid(62573ea76cbf34643bf28a259a6c901c) Importer(815301076,1909f56bfc062723c751e8b465ee728b)
Start importing Assets/Fungus/Textures/rewind.png using Guid(62573ea76cbf34643bf28a259a6c901c) Importer(815301076,1909f56bfc062723c751e8b465ee728b)  -> (artifact id: '872973126078f12158556d3fe263360b') in 0.032206 seconds
  Import took 0.047312 seconds .

========================================================================
Received Import Request.
  Time since last request: 0.000191 seconds.
  path: Assets/Fungus/Textures/settings.png
  artifactKey: Guid(8d3c80dd0c2904cdbb745cf481348a76) Importer(815301076,1909f56bfc062723c751e8b465ee728b)
Start importing Assets/Fungus/Textures/settings.png using Guid(8d3c80dd0c2904cdbb745cf481348a76) Importer(815301076,1909f56bfc062723c751e8b465ee728b)  -> (artifact id: 'd9c547f6cf9a1ed218af58ba4a41ce53') in 0.024304 seconds
  Import took 0.029111 seconds .

========================================================================
Received Import Request.
  Time since last request: 0.000158 seconds.
  path: Assets/FungusExamples/Sherlock/Portraits/Sherlock/neutral.png
  artifactKey: Guid(c27113fd8a09c7c45a856e5d3c843c11) Importer(815301076,1909f56bfc062723c751e8b465ee728b)
Start importing Assets/FungusExamples/Sherlock/Portraits/Sherlock/neutral.png using Guid(c27113fd8a09c7c45a856e5d3c843c11) Importer(815301076,1909f56bfc062723c751e8b465ee728b)  -> (artifact id: '9567e9e02bdb9e907a85874ba6b5c661') in 0.032666 seconds
  Import took 0.037857 seconds .

========================================================================
Received Import Request.
  Time since last request: 0.000161 seconds.
  path: Assets/FungusExamples/Sherlock/Portraits/Sherlock/neutral2.png
  artifactKey: Guid(67bc1238f72c52b49bd0ad82c79756ac) Importer(815301076,1909f56bfc062723c751e8b465ee728b)
Start importing Assets/FungusExamples/Sherlock/Portraits/Sherlock/neutral2.png using Guid(67bc1238f72c52b49bd0ad82c79756ac) Importer(815301076,1909f56bfc062723c751e8b465ee728b)  -> (artifact id: 'cf9a11c682aa6faf803d200c7c94fa78') in 0.026019 seconds
  Import took 0.030735 seconds .

========================================================================
Received Import Request.
  Time since last request: 0.000173 seconds.
  path: Assets/FungusExamples/Sherlock/Portraits/John/frustrated.png
  artifactKey: Guid(b14a874c86c5f6345ae0f84ec697575f) Importer(815301076,1909f56bfc062723c751e8b465ee728b)
Start importing Assets/FungusExamples/Sherlock/Portraits/John/frustrated.png using Guid(b14a874c86c5f6345ae0f84ec697575f) Importer(815301076,1909f56bfc062723c751e8b465ee728b)  -> (artifact id: '086e098c41a8cca448f88f05674140d3') in 0.039546 seconds
  Import took 0.045315 seconds .

========================================================================
Received Import Request.
  Time since last request: 0.000160 seconds.
  path: Assets/FungusExamples/Sherlock/Portraits/John/concentrating.png
  artifactKey: Guid(d8b4be5652abe8a438eb34290ae8c163) Importer(815301076,1909f56bfc062723c751e8b465ee728b)
Start importing Assets/FungusExamples/Sherlock/Portraits/John/concentrating.png using Guid(d8b4be5652abe8a438eb34290ae8c163) Importer(815301076,1909f56bfc062723c751e8b465ee728b)  -> (artifact id: '64b77945eaeb8a0ed48e6c43ed6a9e68') in 0.027589 seconds
  Import took 0.031618 seconds .

========================================================================
Received Import Request.
  Time since last request: 0.000152 seconds.
  path: Assets/FungusExamples/Sherlock/Portraits/Sherlock/regretful.png
  artifactKey: Guid(36652428f3b9f6d41840d56c65aa0d64) Importer(815301076,1909f56bfc062723c751e8b465ee728b)
Start importing Assets/FungusExamples/Sherlock/Portraits/Sherlock/regretful.png using Guid(36652428f3b9f6d41840d56c65aa0d64) Importer(815301076,1909f56bfc062723c751e8b465ee728b)  -> (artifact id: 'a73c23a4a16cc18e58b37131da11809f') in 0.032442 seconds
  Import took 0.040112 seconds .

========================================================================
Received Import Request.
  Time since last request: 0.000157 seconds.
  path: Assets/FungusExamples/Sherlock/Portraits/Sherlock/sad.png
  artifactKey: Guid(6384dc397ea803d4abf0d1de10afb1c1) Importer(815301076,1909f56bfc062723c751e8b465ee728b)
Start importing Assets/FungusExamples/Sherlock/Portraits/Sherlock/sad.png using Guid(6384dc397ea803d4abf0d1de10afb1c1) Importer(815301076,1909f56bfc062723c751e8b465ee728b)  -> (artifact id: '9c34408a33ff4363e07de48830cf74ba') in 0.031173 seconds
  Import took 0.036542 seconds .

========================================================================
Received Import Request.
  Time since last request: 0.000158 seconds.
  path: Assets/FungusExamples/Sherlock/Portraits/John/eyeroll.png
  artifactKey: Guid(a6b4fd71ceffb6e4b9f3272ef8a5c2c3) Importer(815301076,1909f56bfc062723c751e8b465ee728b)
Start importing Assets/FungusExamples/Sherlock/Portraits/John/eyeroll.png using Guid(a6b4fd71ceffb6e4b9f3272ef8a5c2c3) Importer(815301076,1909f56bfc062723c751e8b465ee728b)  -> (artifact id: 'f779262b78e2a31bda53a89203457d71') in 0.022792 seconds
  Import took 0.027433 seconds .

========================================================================
Received Import Request.
  Time since last request: 0.000151 seconds.
  path: Assets/FungusExamples/Sherlock/Images/SherlockTitle.png
  artifactKey: Guid(4b0730798d1d046d19e939e0717e5704) Importer(815301076,1909f56bfc062723c751e8b465ee728b)
Start importing Assets/FungusExamples/Sherlock/Images/SherlockTitle.png using Guid(4b0730798d1d046d19e939e0717e5704) Importer(815301076,1909f56bfc062723c751e8b465ee728b)  -> (artifact id: 'd7892f2ab1d99cf2b44734fdccb4147c') in 0.032546 seconds
  Import took 0.036916 seconds .

========================================================================
Received Import Request.
  Time since last request: 0.000171 seconds.
  path: Assets/FungusExamples/TheHunter/Sprites/SkipperHead.psd
  artifactKey: Guid(3c64e30cbefbe4e768ef68d85c85061e) Importer(815301076,1909f56bfc062723c751e8b465ee728b)
Start importing Assets/FungusExamples/TheHunter/Sprites/SkipperHead.psd using Guid(3c64e30cbefbe4e768ef68d85c85061e) Importer(815301076,1909f56bfc062723c751e8b465ee728b)  -> (artifact id: '35bc8084d99c7b25cd8c59b81d1da12d') in 0.023716 seconds
  Import took 0.037136 seconds .

========================================================================
Received Import Request.
  Time since last request: 0.000499 seconds.
  path: Assets/FungusExamples/Sherlock/Portraits/John/confused.png
  artifactKey: Guid(059763178da334d408b6fa05fdea33c8) Importer(815301076,1909f56bfc062723c751e8b465ee728b)
Start importing Assets/FungusExamples/Sherlock/Portraits/John/confused.png using Guid(059763178da334d408b6fa05fdea33c8) Importer(815301076,1909f56bfc062723c751e8b465ee728b)  -> (artifact id: '2fff7182b0492385cfcc19975cfb8fbc') in 0.029493 seconds
  Import took 0.035227 seconds .

========================================================================
Received Import Request.
  Time since last request: 0.000175 seconds.
  path: Assets/FungusExamples/TheHunter/Sprites/Ciara.psd
  artifactKey: Guid(c784f0adc2ce544be915fc26a2b4b510) Importer(815301076,1909f56bfc062723c751e8b465ee728b)
Start importing Assets/FungusExamples/TheHunter/Sprites/Ciara.psd using Guid(c784f0adc2ce544be915fc26a2b4b510) Importer(815301076,1909f56bfc062723c751e8b465ee728b)  -> (artifact id: '318b2fb97f90f7503c94537596185e2f') in 0.037642 seconds
  Import took 0.042501 seconds .

========================================================================
Received Import Request.
  Time since last request: 0.000819 seconds.
  path: Assets/FungusExamples/Sherlock/Images/Coffee Cup.png
  artifactKey: Guid(bcd5b5f11de95ec4ba92005e4a404502) Importer(815301076,1909f56bfc062723c751e8b465ee728b)
Start importing Assets/FungusExamples/Sherlock/Images/Coffee Cup.png using Guid(bcd5b5f11de95ec4ba92005e4a404502) Importer(815301076,1909f56bfc062723c751e8b465ee728b)  -> (artifact id: 'a39bf8ed8c4abcf6e73265232ae2db9b') in 0.034016 seconds
  Import took 0.041565 seconds .

========================================================================
Received Import Request.
  Time since last request: 656.568722 seconds.
  path: Assets/Resources/Scenes/Dialogue_Ready.unity
  artifactKey: Guid(a69974e4070cc2148ba88fd59b1e1ec5) Importer(815301076,1909f56bfc062723c751e8b465ee728b)
Start importing Assets/Resources/Scenes/Dialogue_Ready.unity using Guid(a69974e4070cc2148ba88fd59b1e1ec5) Importer(815301076,1909f56bfc062723c751e8b465ee728b)  -> (artifact id: '99e3d1db1547ece6fb744cb21a90a7c2') in 0.008601 seconds
  Import took 0.013493 seconds .

========================================================================
Received Prepare
Registering precompiled user dll's ...
Registered in 0.004146 seconds.
Begin MonoManager ReloadAssembly
Native extension for WindowsStandalone target not found
Native extension for WebGL target not found
Refreshing native plugins compatible for Editor in 0.55 ms, found 1 plugins.
Preloading 0 native plugins for Editor in 0.00 ms.
Invoked RoslynAnalysisRunner static constructor.
RoslynAnalysisRunner will not be running.
RoslynAnalysisRunner has terminated.
Mono: successfully reloaded assembly
- Completed reload, in  1.092 seconds
Platform modules already initialized, skipping
Refreshing native plugins compatible for Editor in 0.47 ms, found 1 plugins.
Preloading 0 native plugins for Editor in 0.00 ms.
Unloading 2532 Unused Serialized files (Serialized files now loaded: 0)
System memory in use before: 109.3 MB.
System memory in use after: 109.4 MB.

Unloading 12 unused Assets to reduce memory usage. Loaded Objects now: 3048.
Total: 4.718600 ms (FindLiveObjects: 2.297600 ms CreateObjectMapping: 0.181900 ms MarkObjects: 2.126200 ms  DeleteObjects: 0.111300 ms)

========================================================================
Received Prepare
Registering precompiled user dll's ...
Registered in 0.001219 seconds.
Begin MonoManager ReloadAssembly
Native extension for WindowsStandalone target not found
Native extension for WebGL target not found
Refreshing native plugins compatible for Editor in 0.46 ms, found 1 plugins.
Preloading 0 native plugins for Editor in 0.00 ms.
Invoked RoslynAnalysisRunner static constructor.
RoslynAnalysisRunner will not be running.
RoslynAnalysisRunner has terminated.
Mono: successfully reloaded assembly
- Completed reload, in  1.093 seconds
Platform modules already initialized, skipping
Refreshing native plugins compatible for Editor in 1.20 ms, found 1 plugins.
Preloading 0 native plugins for Editor in 0.00 ms.
Unloading 2532 Unused Serialized files (Serialized files now loaded: 0)
System memory in use before: 109.5 MB.
System memory in use after: 109.6 MB.

Unloading 12 unused Assets to reduce memory usage. Loaded Objects now: 3051.
Total: 2.612900 ms (FindLiveObjects: 0.230300 ms CreateObjectMapping: 0.101700 ms MarkObjects: 2.142900 ms  DeleteObjects: 0.136200 ms)

========================================================================
Received Prepare
Registering precompiled user dll's ...
Registered in 0.001410 seconds.
Begin MonoManager ReloadAssembly
Native extension for WindowsStandalone target not found
Native extension for WebGL target not found
Refreshing native plugins compatible for Editor in 0.48 ms, found 1 plugins.
Preloading 0 native plugins for Editor in 0.00 ms.
Invoked RoslynAnalysisRunner static constructor.
RoslynAnalysisRunner will not be running.
RoslynAnalysisRunner has terminated.
Mono: successfully reloaded assembly
- Completed reload, in  1.034 seconds
Platform modules already initialized, skipping
Refreshing native plugins compatible for Editor in 2.34 ms, found 1 plugins.
Preloading 0 native plugins for Editor in 0.00 ms.
Unloading 2532 Unused Serialized files (Serialized files now loaded: 0)
System memory in use before: 109.7 MB.
System memory in use after: 109.8 MB.

Unloading 12 unused Assets to reduce memory usage. Loaded Objects now: 3054.
Total: 3.537300 ms (FindLiveObjects: 0.610500 ms CreateObjectMapping: 0.394000 ms MarkObjects: 2.428400 ms  DeleteObjects: 0.103100 ms)

========================================================================
Received Prepare
Registering precompiled user dll's ...
Registered in 0.001382 seconds.
Begin MonoManager ReloadAssembly
Native extension for WindowsStandalone target not found
Native extension for WebGL target not found
Refreshing native plugins compatible for Editor in 0.55 ms, found 1 plugins.
Preloading 0 native plugins for Editor in 0.00 ms.
Invoked RoslynAnalysisRunner static constructor.
RoslynAnalysisRunner will not be running.
RoslynAnalysisRunner has terminated.
Mono: successfully reloaded assembly
- Completed reload, in  1.051 seconds
Platform modules already initialized, skipping
Refreshing native plugins compatible for Editor in 0.46 ms, found 1 plugins.
Preloading 0 native plugins for Editor in 0.00 ms.
Unloading 2532 Unused Serialized files (Serialized files now loaded: 0)
System memory in use before: 109.9 MB.
System memory in use after: 110.0 MB.

Unloading 12 unused Assets to reduce memory usage. Loaded Objects now: 3057.
Total: 5.215700 ms (FindLiveObjects: 1.183400 ms CreateObjectMapping: 1.684400 ms MarkObjects: 2.239600 ms  DeleteObjects: 0.106900 ms)

========================================================================
Received Prepare
Registering precompiled user dll's ...
Registered in 0.001170 seconds.
Begin MonoManager ReloadAssembly
Native extension for WindowsStandalone target not found
Native extension for WebGL target not found
Refreshing native plugins compatible for Editor in 0.47 ms, found 1 plugins.
Preloading 0 native plugins for Editor in 0.00 ms.
Invoked RoslynAnalysisRunner static constructor.
RoslynAnalysisRunner will not be running.
RoslynAnalysisRunner has terminated.
Mono: successfully reloaded assembly
- Completed reload, in  1.028 seconds
Platform modules already initialized, skipping
Refreshing native plugins compatible for Editor in 1.34 ms, found 1 plugins.
Preloading 0 native plugins for Editor in 0.00 ms.
Unloading 2532 Unused Serialized files (Serialized files now loaded: 0)
System memory in use before: 110.0 MB.
System memory in use after: 110.1 MB.

Unloading 12 unused Assets to reduce memory usage. Loaded Objects now: 3060.
Total: 8.791200 ms (FindLiveObjects: 0.864200 ms CreateObjectMapping: 0.402200 ms MarkObjects: 5.091000 ms  DeleteObjects: 2.432100 ms)

========================================================================
Received Import Request.
  Time since last request: 123.860237 seconds.
  path: Assets/Resources/Scenes/Dev.unity
  artifactKey: Guid(569ed32c02a8cba429c7d3e60681f8c8) Importer(815301076,1909f56bfc062723c751e8b465ee728b)
Start importing Assets/Resources/Scenes/Dev.unity using Guid(569ed32c02a8cba429c7d3e60681f8c8) Importer(815301076,1909f56bfc062723c751e8b465ee728b)  -> (artifact id: '65decbc507aadeb67887299426c24a78') in 0.021242 seconds
  Import took 0.026201 seconds .

========================================================================
Received Prepare
Registering precompiled user dll's ...
Registered in 0.001510 seconds.
Begin MonoManager ReloadAssembly
Native extension for WindowsStandalone target not found
Native extension for WebGL target not found
Refreshing native plugins compatible for Editor in 0.66 ms, found 1 plugins.
Preloading 0 native plugins for Editor in 0.00 ms.
Invoked RoslynAnalysisRunner static constructor.
RoslynAnalysisRunner will not be running.
RoslynAnalysisRunner has terminated.
Mono: successfully reloaded assembly
- Completed reload, in  1.263 seconds
Platform modules already initialized, skipping
Refreshing native plugins compatible for Editor in 0.89 ms, found 1 plugins.
Preloading 0 native plugins for Editor in 0.00 ms.
Unloading 2532 Unused Serialized files (Serialized files now loaded: 0)
System memory in use before: 110.1 MB.
System memory in use after: 110.3 MB.

Unloading 12 unused Assets to reduce memory usage. Loaded Objects now: 3063.
Total: 2.471100 ms (FindLiveObjects: 0.283000 ms CreateObjectMapping: 0.133900 ms MarkObjects: 1.948300 ms  DeleteObjects: 0.104700 ms)

========================================================================
Received Import Request.
  Time since last request: 31.079238 seconds.
  path: Assets/Resources/Scenes/Dev.unity
  artifactKey: Guid(569ed32c02a8cba429c7d3e60681f8c8) Importer(815301076,1909f56bfc062723c751e8b465ee728b)
Start importing Assets/Resources/Scenes/Dev.unity using Guid(569ed32c02a8cba429c7d3e60681f8c8) Importer(815301076,1909f56bfc062723c751e8b465ee728b)  -> (artifact id: 'd3129c6572753b900c0e5b48bd11e2c2') in 0.026092 seconds
  Import took 0.031207 seconds .

========================================================================
Received Import Request.
  Time since last request: 3.386397 seconds.
  path: Assets/Resources/Scenes/Dialogue_Ready.unity
  artifactKey: Guid(a69974e4070cc2148ba88fd59b1e1ec5) Importer(815301076,1909f56bfc062723c751e8b465ee728b)
Start importing Assets/Resources/Scenes/Dialogue_Ready.unity using Guid(a69974e4070cc2148ba88fd59b1e1ec5) Importer(815301076,1909f56bfc062723c751e8b465ee728b)  -> (artifact id: '3ffc2fde97d77b5fa15f46937cf9a2d4') in 0.007749 seconds
  Import took 0.011952 seconds .

========================================================================
Received Prepare
Registering precompiled user dll's ...
Registered in 0.001161 seconds.
Begin MonoManager ReloadAssembly
Native extension for WindowsStandalone target not found
Native extension for WebGL target not found
Refreshing native plugins compatible for Editor in 0.60 ms, found 1 plugins.
Preloading 0 native plugins for Editor in 0.00 ms.
Invoked RoslynAnalysisRunner static constructor.
RoslynAnalysisRunner will not be running.
RoslynAnalysisRunner has terminated.
Mono: successfully reloaded assembly
- Completed reload, in  1.230 seconds
Platform modules already initialized, skipping
Refreshing native plugins compatible for Editor in 0.48 ms, found 1 plugins.
Preloading 0 native plugins for Editor in 0.00 ms.
Unloading 2532 Unused Serialized files (Serialized files now loaded: 0)
System memory in use before: 110.4 MB.
System memory in use after: 110.5 MB.

Unloading 12 unused Assets to reduce memory usage. Loaded Objects now: 3066.
Total: 4.634900 ms (FindLiveObjects: 0.411300 ms CreateObjectMapping: 0.442800 ms MarkObjects: 3.659200 ms  DeleteObjects: 0.120400 ms)

========================================================================
Received Prepare
Registering precompiled user dll's ...
Registered in 0.001291 seconds.
Begin MonoManager ReloadAssembly
Native extension for WindowsStandalone target not found
Native extension for WebGL target not found
Refreshing native plugins compatible for Editor in 0.49 ms, found 1 plugins.
Preloading 0 native plugins for Editor in 0.00 ms.
Invoked RoslynAnalysisRunner static constructor.
RoslynAnalysisRunner will not be running.
RoslynAnalysisRunner has terminated.
Mono: successfully reloaded assembly
- Completed reload, in  0.977 seconds
Platform modules already initialized, skipping
Refreshing native plugins compatible for Editor in 0.57 ms, found 1 plugins.
Preloading 0 native plugins for Editor in 0.00 ms.
Unloading 2532 Unused Serialized files (Serialized files now loaded: 0)
System memory in use before: 110.5 MB.
System memory in use after: 110.6 MB.

Unloading 12 unused Assets to reduce memory usage. Loaded Objects now: 3069.
Total: 3.734900 ms (FindLiveObjects: 0.248900 ms CreateObjectMapping: 0.102300 ms MarkObjects: 2.971600 ms  DeleteObjects: 0.410300 ms)

========================================================================
Received Import Request.
  Time since last request: 1195.608665 seconds.
  path: Assets/Resources/Scripts/Menu_Item.cs
  artifactKey: Guid(a0a1699b2fb2b364b81bf1e2b1853737) Importer(815301076,1909f56bfc062723c751e8b465ee728b)
Start importing Assets/Resources/Scripts/Menu_Item.cs using Guid(a0a1699b2fb2b364b81bf1e2b1853737) Importer(815301076,1909f56bfc062723c751e8b465ee728b)  -> (artifact id: '723720cd88f6bffa286206f68d4d4788') in 0.023421 seconds
  Import took 0.028881 seconds .

========================================================================
Received Import Request.
  Time since last request: 126.300383 seconds.
  path: Assets/Resources/Scripts/Menu_Item.cs
  artifactKey: Guid(a0a1699b2fb2b364b81bf1e2b1853737) Importer(815301076,1909f56bfc062723c751e8b465ee728b)
Start importing Assets/Resources/Scripts/Menu_Item.cs using Guid(a0a1699b2fb2b364b81bf1e2b1853737) Importer(815301076,1909f56bfc062723c751e8b465ee728b)  -> (artifact id: '5345fcde03a43d4f2972774e8af73aae') in 0.004407 seconds
  Import took 0.015942 seconds .

========================================================================
Received Import Request.
  Time since last request: 213.185752 seconds.
  path: Assets/Resources/Scripts/Menu_Item.cs
  artifactKey: Guid(a0a1699b2fb2b364b81bf1e2b1853737) Importer(815301076,1909f56bfc062723c751e8b465ee728b)
Start importing Assets/Resources/Scripts/Menu_Item.cs using Guid(a0a1699b2fb2b364b81bf1e2b1853737) Importer(815301076,1909f56bfc062723c751e8b465ee728b)  -> (artifact id: 'fd725241ae55a6300d7e3b233def30f5') in 0.007414 seconds
  Import took 0.020329 seconds .

========================================================================
Received Import Request.
  Time since last request: 0.000389 seconds.
  path: Assets/Resources/Scripts/Menu_Item.cs
  artifactKey: Guid(a0a1699b2fb2b364b81bf1e2b1853737) Importer(815301076,1909f56bfc062723c751e8b465ee728b)
Start importing Assets/Resources/Scripts/Menu_Item.cs using Guid(a0a1699b2fb2b364b81bf1e2b1853737) Importer(815301076,1909f56bfc062723c751e8b465ee728b)  -> (artifact id: 'fd725241ae55a6300d7e3b233def30f5') in 0.002731 seconds
  Import took 0.007028 seconds .

========================================================================
Received Prepare
Registering precompiled user dll's ...
Registered in 0.001411 seconds.
Begin MonoManager ReloadAssembly
Native extension for WindowsStandalone target not found
Native extension for WebGL target not found
Refreshing native plugins compatible for Editor in 0.89 ms, found 1 plugins.
Preloading 0 native plugins for Editor in 0.00 ms.
Invoked RoslynAnalysisRunner static constructor.
RoslynAnalysisRunner will not be running.
RoslynAnalysisRunner has terminated.
Mono: successfully reloaded assembly
- Completed reload, in  1.097 seconds
Platform modules already initialized, skipping
Refreshing native plugins compatible for Editor in 0.94 ms, found 1 plugins.
Preloading 0 native plugins for Editor in 0.00 ms.
Unloading 2532 Unused Serialized files (Serialized files now loaded: 0)
System memory in use before: 110.7 MB.
System memory in use after: 110.8 MB.

Unloading 12 unused Assets to reduce memory usage. Loaded Objects now: 3072.
Total: 3.458100 ms (FindLiveObjects: 0.736600 ms CreateObjectMapping: 0.401900 ms MarkObjects: 2.110400 ms  DeleteObjects: 0.207300 ms)

========================================================================
Received Prepare
Registering precompiled user dll's ...
Registered in 0.001138 seconds.
Begin MonoManager ReloadAssembly
Native extension for WindowsStandalone target not found
Native extension for WebGL target not found
Refreshing native plugins compatible for Editor in 0.45 ms, found 1 plugins.
Preloading 0 native plugins for Editor in 0.00 ms.
Invoked RoslynAnalysisRunner static constructor.
RoslynAnalysisRunner will not be running.
RoslynAnalysisRunner has terminated.
Mono: successfully reloaded assembly
- Completed reload, in  0.911 seconds
Platform modules already initialized, skipping
Refreshing native plugins compatible for Editor in 0.45 ms, found 1 plugins.
Preloading 0 native plugins for Editor in 0.00 ms.
Unloading 2532 Unused Serialized files (Serialized files now loaded: 0)
System memory in use before: 110.8 MB.
System memory in use after: 110.9 MB.

Unloading 12 unused Assets to reduce memory usage. Loaded Objects now: 3075.
Total: 2.007600 ms (FindLiveObjects: 0.229900 ms CreateObjectMapping: 0.095100 ms MarkObjects: 1.575100 ms  DeleteObjects: 0.106500 ms)

========================================================================
Received Prepare
Registering precompiled user dll's ...
Registered in 0.001144 seconds.
Begin MonoManager ReloadAssembly
Native extension for WindowsStandalone target not found
Native extension for WebGL target not found
Refreshing native plugins compatible for Editor in 0.46 ms, found 1 plugins.
Preloading 0 native plugins for Editor in 0.00 ms.
Invoked RoslynAnalysisRunner static constructor.
RoslynAnalysisRunner will not be running.
RoslynAnalysisRunner has terminated.
Mono: successfully reloaded assembly
- Completed reload, in  0.949 seconds
Platform modules already initialized, skipping
Refreshing native plugins compatible for Editor in 0.62 ms, found 1 plugins.
Preloading 0 native plugins for Editor in 0.00 ms.
Unloading 2532 Unused Serialized files (Serialized files now loaded: 0)
System memory in use before: 111.0 MB.
System memory in use after: 111.1 MB.

Unloading 12 unused Assets to reduce memory usage. Loaded Objects now: 3078.
Total: 9.503300 ms (FindLiveObjects: 1.388400 ms CreateObjectMapping: 0.514100 ms MarkObjects: 7.482100 ms  DeleteObjects: 0.117300 ms)

========================================================================
Received Import Request.
  Time since last request: 380.332416 seconds.
  path: Assets/Resources/Scripts/Menu_Item.cs
  artifactKey: Guid(a0a1699b2fb2b364b81bf1e2b1853737) Importer(815301076,1909f56bfc062723c751e8b465ee728b)
Start importing Assets/Resources/Scripts/Menu_Item.cs using Guid(a0a1699b2fb2b364b81bf1e2b1853737) Importer(815301076,1909f56bfc062723c751e8b465ee728b)  -> (artifact id: 'fd93c612abea85d12d68fe133f56d0b5') in 0.006374 seconds
  Import took 0.010410 seconds .

========================================================================
Received Import Request.
  Time since last request: 0.000527 seconds.
  path: Assets/Resources/Scripts/Menu_Item.cs
  artifactKey: Guid(a0a1699b2fb2b364b81bf1e2b1853737) Importer(815301076,1909f56bfc062723c751e8b465ee728b)
Start importing Assets/Resources/Scripts/Menu_Item.cs using Guid(a0a1699b2fb2b364b81bf1e2b1853737) Importer(815301076,1909f56bfc062723c751e8b465ee728b)  -> (artifact id: 'fd93c612abea85d12d68fe133f56d0b5') in 0.004398 seconds
  Import took 0.009253 seconds .

========================================================================
Received Prepare
Registering precompiled user dll's ...
Registered in 0.001078 seconds.
Begin MonoManager ReloadAssembly
Native extension for WindowsStandalone target not found
Native extension for WebGL target not found
Refreshing native plugins compatible for Editor in 0.54 ms, found 1 plugins.
Preloading 0 native plugins for Editor in 0.00 ms.
Invoked RoslynAnalysisRunner static constructor.
RoslynAnalysisRunner will not be running.
RoslynAnalysisRunner has terminated.
Mono: successfully reloaded assembly
- Completed reload, in  0.897 seconds
Platform modules already initialized, skipping
Refreshing native plugins compatible for Editor in 0.47 ms, found 1 plugins.
Preloading 0 native plugins for Editor in 0.00 ms.
Unloading 2532 Unused Serialized files (Serialized files now loaded: 0)
System memory in use before: 111.1 MB.
System memory in use after: 111.3 MB.

Unloading 12 unused Assets to reduce memory usage. Loaded Objects now: 3081.
Total: 2.324000 ms (FindLiveObjects: 0.231400 ms CreateObjectMapping: 0.131700 ms MarkObjects: 1.849000 ms  DeleteObjects: 0.111100 ms)

========================================================================
Received Import Request.
  Time since last request: 1295.207658 seconds.
  path: Assets/Resources/Scripts/Menu_Item.cs
  artifactKey: Guid(a0a1699b2fb2b364b81bf1e2b1853737) Importer(815301076,1909f56bfc062723c751e8b465ee728b)
Start importing Assets/Resources/Scripts/Menu_Item.cs using Guid(a0a1699b2fb2b364b81bf1e2b1853737) Importer(815301076,1909f56bfc062723c751e8b465ee728b)  -> (artifact id: 'f08b489fd3b5f030af3ca0390e639039') in 0.020121 seconds
  Import took 0.029419 seconds .

========================================================================
Received Prepare
Registering precompiled user dll's ...
Registered in 0.002248 seconds.
Begin MonoManager ReloadAssembly
Native extension for WindowsStandalone target not found
Native extension for WebGL target not found
Refreshing native plugins compatible for Editor in 0.73 ms, found 1 plugins.
Preloading 0 native plugins for Editor in 0.00 ms.
Invoked RoslynAnalysisRunner static constructor.
RoslynAnalysisRunner will not be running.
RoslynAnalysisRunner has terminated.
Mono: successfully reloaded assembly
- Completed reload, in  1.232 seconds
Platform modules already initialized, skipping
Refreshing native plugins compatible for Editor in 0.49 ms, found 1 plugins.
Preloading 0 native plugins for Editor in 0.00 ms.
Unloading 2532 Unused Serialized files (Serialized files now loaded: 0)
System memory in use before: 111.2 MB.
System memory in use after: 111.3 MB.

Unloading 12 unused Assets to reduce memory usage. Loaded Objects now: 3084.
Total: 2.667400 ms (FindLiveObjects: 0.346400 ms CreateObjectMapping: 0.139800 ms MarkObjects: 2.065800 ms  DeleteObjects: 0.114100 ms)

========================================================================
Received Import Request.
  Time since last request: 16.149825 seconds.
  path: Assets/Resources/Scripts/Menu_Item.cs
  artifactKey: Guid(a0a1699b2fb2b364b81bf1e2b1853737) Importer(815301076,1909f56bfc062723c751e8b465ee728b)
Start importing Assets/Resources/Scripts/Menu_Item.cs using Guid(a0a1699b2fb2b364b81bf1e2b1853737) Importer(815301076,1909f56bfc062723c751e8b465ee728b)  -> (artifact id: 'daa2f51441175751e23cbe241d722e61') in 0.006487 seconds
  Import took 0.011326 seconds .

========================================================================
Received Prepare
Registering precompiled user dll's ...
Registered in 0.001281 seconds.
Begin MonoManager ReloadAssembly
Native extension for WindowsStandalone target not found
Native extension for WebGL target not found
Refreshing native plugins compatible for Editor in 0.54 ms, found 1 plugins.
Preloading 0 native plugins for Editor in 0.00 ms.
Invoked RoslynAnalysisRunner static constructor.
RoslynAnalysisRunner will not be running.
RoslynAnalysisRunner has terminated.
Mono: successfully reloaded assembly
- Completed reload, in  1.012 seconds
Platform modules already initialized, skipping
Refreshing native plugins compatible for Editor in 0.58 ms, found 1 plugins.
Preloading 0 native plugins for Editor in 0.00 ms.
Unloading 2532 Unused Serialized files (Serialized files now loaded: 0)
System memory in use before: 110.5 MB.
System memory in use after: 110.6 MB.

Unloading 12 unused Assets to reduce memory usage. Loaded Objects now: 3087.
Total: 2.218200 ms (FindLiveObjects: 0.291500 ms CreateObjectMapping: 0.201100 ms MarkObjects: 1.609600 ms  DeleteObjects: 0.115000 ms)

========================================================================
Received Prepare
Registering precompiled user dll's ...
Registered in 0.003163 seconds.
Begin MonoManager ReloadAssembly
Native extension for WindowsStandalone target not found
Native extension for WebGL target not found
Refreshing native plugins compatible for Editor in 0.52 ms, found 1 plugins.
Preloading 0 native plugins for Editor in 0.00 ms.
Invoked RoslynAnalysisRunner static constructor.
RoslynAnalysisRunner will not be running.
RoslynAnalysisRunner has terminated.
Mono: successfully reloaded assembly
- Completed reload, in  1.205 seconds
Platform modules already initialized, skipping
Refreshing native plugins compatible for Editor in 0.95 ms, found 1 plugins.
Preloading 0 native plugins for Editor in 0.00 ms.
Unloading 2532 Unused Serialized files (Serialized files now loaded: 0)
System memory in use before: 110.6 MB.
System memory in use after: 110.7 MB.

Unloading 12 unused Assets to reduce memory usage. Loaded Objects now: 3090.
Total: 3.817900 ms (FindLiveObjects: 0.276100 ms CreateObjectMapping: 0.099700 ms MarkObjects: 3.287700 ms  DeleteObjects: 0.152300 ms)

========================================================================
Received Prepare
Registering precompiled user dll's ...
Registered in 0.001160 seconds.
Begin MonoManager ReloadAssembly
Native extension for WindowsStandalone target not found
Native extension for WebGL target not found
Refreshing native plugins compatible for Editor in 0.50 ms, found 1 plugins.
Preloading 0 native plugins for Editor in 0.00 ms.
Invoked RoslynAnalysisRunner static constructor.
RoslynAnalysisRunner will not be running.
RoslynAnalysisRunner has terminated.
Mono: successfully reloaded assembly
- Completed reload, in  0.983 seconds
Platform modules already initialized, skipping
Refreshing native plugins compatible for Editor in 0.47 ms, found 1 plugins.
Preloading 0 native plugins for Editor in 0.00 ms.
Unloading 2532 Unused Serialized files (Serialized files now loaded: 0)
System memory in use before: 110.8 MB.
System memory in use after: 110.9 MB.

Unloading 12 unused Assets to reduce memory usage. Loaded Objects now: 3093.
Total: 2.944100 ms (FindLiveObjects: 0.451400 ms CreateObjectMapping: 0.140000 ms MarkObjects: 2.235700 ms  DeleteObjects: 0.115300 ms)

========================================================================
Received Prepare
Registering precompiled user dll's ...
Registered in 0.001096 seconds.
Begin MonoManager ReloadAssembly
Native extension for WindowsStandalone target not found
Native extension for WebGL target not found
Refreshing native plugins compatible for Editor in 0.49 ms, found 1 plugins.
Preloading 0 native plugins for Editor in 0.00 ms.
Invoked RoslynAnalysisRunner static constructor.
RoslynAnalysisRunner will not be running.
RoslynAnalysisRunner has terminated.
Mono: successfully reloaded assembly
- Completed reload, in  0.991 seconds
Platform modules already initialized, skipping
Refreshing native plugins compatible for Editor in 0.45 ms, found 1 plugins.
Preloading 0 native plugins for Editor in 0.00 ms.
Unloading 2532 Unused Serialized files (Serialized files now loaded: 0)
System memory in use before: 110.9 MB.
System memory in use after: 111.0 MB.

Unloading 12 unused Assets to reduce memory usage. Loaded Objects now: 3096.
Total: 2.330400 ms (FindLiveObjects: 0.352100 ms CreateObjectMapping: 0.107900 ms MarkObjects: 1.763000 ms  DeleteObjects: 0.106500 ms)

========================================================================
Received Prepare
Registering precompiled user dll's ...
Registered in 0.001958 seconds.
Begin MonoManager ReloadAssembly
Native extension for WindowsStandalone target not found
Native extension for WebGL target not found
Refreshing native plugins compatible for Editor in 1.73 ms, found 1 plugins.
Preloading 0 native plugins for Editor in 0.00 ms.
Invoked RoslynAnalysisRunner static constructor.
RoslynAnalysisRunner will not be running.
RoslynAnalysisRunner has terminated.
Mono: successfully reloaded assembly
- Completed reload, in  0.971 seconds
Platform modules already initialized, skipping
Refreshing native plugins compatible for Editor in 0.65 ms, found 1 plugins.
Preloading 0 native plugins for Editor in 0.00 ms.
Unloading 2532 Unused Serialized files (Serialized files now loaded: 0)
System memory in use before: 111.1 MB.
System memory in use after: 111.2 MB.

Unloading 12 unused Assets to reduce memory usage. Loaded Objects now: 3099.
Total: 2.520800 ms (FindLiveObjects: 0.529500 ms CreateObjectMapping: 0.125700 ms MarkObjects: 1.749600 ms  DeleteObjects: 0.115000 ms)

========================================================================
Received Prepare
Registering precompiled user dll's ...
Registered in 0.001371 seconds.
Begin MonoManager ReloadAssembly
Native extension for WindowsStandalone target not found
Native extension for WebGL target not found
Refreshing native plugins compatible for Editor in 0.69 ms, found 1 plugins.
Preloading 0 native plugins for Editor in 0.00 ms.
Invoked RoslynAnalysisRunner static constructor.
RoslynAnalysisRunner will not be running.
RoslynAnalysisRunner has terminated.
Mono: successfully reloaded assembly
- Completed reload, in  1.096 seconds
Platform modules already initialized, skipping
Refreshing native plugins compatible for Editor in 0.53 ms, found 1 plugins.
Preloading 0 native plugins for Editor in 0.00 ms.
Unloading 2532 Unused Serialized files (Serialized files now loaded: 0)
System memory in use before: 111.2 MB.
System memory in use after: 111.3 MB.

Unloading 12 unused Assets to reduce memory usage. Loaded Objects now: 3102.
Total: 3.647400 ms (FindLiveObjects: 1.217000 ms CreateObjectMapping: 0.369700 ms MarkObjects: 1.947300 ms  DeleteObjects: 0.112000 ms)

========================================================================
Received Prepare
Registering precompiled user dll's ...
Registered in 0.001216 seconds.
Begin MonoManager ReloadAssembly
Native extension for WindowsStandalone target not found
Native extension for WebGL target not found
Refreshing native plugins compatible for Editor in 0.46 ms, found 1 plugins.
Preloading 0 native plugins for Editor in 0.00 ms.
Invoked RoslynAnalysisRunner static constructor.
RoslynAnalysisRunner will not be running.
RoslynAnalysisRunner has terminated.
Mono: successfully reloaded assembly
- Completed reload, in  1.218 seconds
Platform modules already initialized, skipping
Refreshing native plugins compatible for Editor in 0.97 ms, found 1 plugins.
Preloading 0 native plugins for Editor in 0.00 ms.
Unloading 2532 Unused Serialized files (Serialized files now loaded: 0)
System memory in use before: 111.3 MB.
System memory in use after: 111.4 MB.

Unloading 12 unused Assets to reduce memory usage. Loaded Objects now: 3105.
Total: 5.105100 ms (FindLiveObjects: 0.663000 ms CreateObjectMapping: 0.838200 ms MarkObjects: 3.492200 ms  DeleteObjects: 0.110500 ms)

AssetImportWorkerClient::OnTransportError - code=2 error=End of file
