Using pre-set license
Built from '2020.2/release' branch; Version is '2020.2.2f1 (068178b99f32) revision 426360'; Using compiler version '192528614'; Build Type 'Release'
OS: 'Windows 10 Pro; OS build 19042.746; Version 2009; 64bit' Language: 'en' Physical Memory: 16217 MB
BatchMode: 1, IsHumanControllingUs: 0, StartBugReporterOnCrash: 0, Is64bit: 1, IsPro: 0

 COMMAND LINE ARGUMENTS:
C:\Program Files\Unity\Hub\Editor\2020.2.2f1\Editor\Unity.exe
-adb2
-batchMode
-noUpm
-name
AssetImportWorker0
-projectPath
F:/Dev/Unity/GGJ21/Unityproj/GGJ1_Lost&Found
-logFile
Logs/AssetImportWorker0.log
-srvPort
64272
Successfully changed project path to: F:/Dev/Unity/GGJ21/Unityproj/GGJ1_Lost&Found
F:/Dev/Unity/GGJ21/Unityproj/GGJ1_Lost&Found
Using Asset Import Pipeline V2.
Refreshing native plugins compatible for Editor in 45.81 ms, found 1 plugins.
Preloading 0 native plugins for Editor in 0.00 ms.
Initialize engine version: 2020.2.2f1 (068178b99f32)
[Subsystems] Discovering subsystems at path C:/Program Files/Unity/Hub/Editor/2020.2.2f1/Editor/Data/Resources/UnitySubsystems
[Subsystems] Discovering subsystems at path F:/Dev/Unity/GGJ21/Unityproj/GGJ1_Lost&Found/Assets
GfxDevice: creating device client; threaded=0
Direct3D:
    Version:  Direct3D 11.0 [level 11.1]
    Renderer: Radeon RX 580 Series (ID=0x67df)
    Vendor:   
    VRAM:     8171 MB
    Driver:   27.20.14527.2002
Initialize mono
Mono path[0] = 'C:/Program Files/Unity/Hub/Editor/2020.2.2f1/Editor/Data/Managed'
Mono path[1] = 'C:/Program Files/Unity/Hub/Editor/2020.2.2f1/Editor/Data/MonoBleedingEdge/lib/mono/unityjit'
Mono config path = 'C:/Program Files/Unity/Hub/Editor/2020.2.2f1/Editor/Data/MonoBleedingEdge/etc'
Using monoOptions --debugger-agent=transport=dt_socket,embedding=1,server=y,suspend=n,address=127.0.0.1:56224
Begin MonoManager ReloadAssembly
Registering precompiled unity dll's ...
Register platform support module: C:/Program Files/Unity/Hub/Editor/2020.2.2f1/Editor/Data/PlaybackEngines/WebGLSupport/UnityEditor.WebGL.Extensions.dll
Register platform support module: C:/Program Files/Unity/Hub/Editor/2020.2.2f1/Editor/Data/PlaybackEngines/WindowsStandaloneSupport/UnityEditor.WindowsStandalone.Extensions.dll
Registered in 0.002904 seconds.
Native extension for WindowsStandalone target not found
Native extension for WebGL target not found
Refreshing native plugins compatible for Editor in 56.67 ms, found 1 plugins.
Preloading 0 native plugins for Editor in 0.00 ms.
Invoked RoslynAnalysisRunner static constructor.
RoslynAnalysisRunner will not be running.
RoslynAnalysisRunner has terminated.
Mono: successfully reloaded assembly
- Completed reload, in  2.065 seconds
Platform modules already initialized, skipping
Registering precompiled user dll's ...
Registered in 0.001040 seconds.
Begin MonoManager ReloadAssembly
Native extension for WindowsStandalone target not found
Native extension for WebGL target not found
Refreshing native plugins compatible for Editor in 47.07 ms, found 1 plugins.
Preloading 0 native plugins for Editor in 0.00 ms.
Invoked RoslynAnalysisRunner static constructor.
RoslynAnalysisRunner will not be running.
RoslynAnalysisRunner has terminated.
Mono: successfully reloaded assembly
- Completed reload, in  1.021 seconds
Platform modules already initialized, skipping
========================================================================
Worker process is ready to serve import requests
Launched and connected shader compiler UnityShaderCompiler.exe after 0.04 seconds
Refreshing native plugins compatible for Editor in 0.47 ms, found 1 plugins.
Preloading 0 native plugins for Editor in 0.00 ms.
Unloading 2547 Unused Serialized files (Serialized files now loaded: 0)
System memory in use before: 106.7 MB.
System memory in use after: 106.7 MB.

Unloading 24 unused Assets to reduce memory usage. Loaded Objects now: 2990.
Total: 2.217900 ms (FindLiveObjects: 0.266400 ms CreateObjectMapping: 0.103600 ms MarkObjects: 1.720800 ms  DeleteObjects: 0.125600 ms)

========================================================================
Received Import Request.
  path: Assets/Resources/Assets/Art
  artifactKey: Guid(c4866f77c5dfb44459fe30e21fa6e6b2) Importer(815301076,1909f56bfc062723c751e8b465ee728b)
Start importing Assets/Resources/Assets/Art using Guid(c4866f77c5dfb44459fe30e21fa6e6b2) Importer(815301076,1909f56bfc062723c751e8b465ee728b)  -> (artifact id: '8895d397173975e92eedfbc14d67469c') in 0.009803 seconds
  Import took 0.013682 seconds .

========================================================================
Received Import Request.
  Time since last request: 6.400340 seconds.
  path: Assets/Resources/Assets/UI
  artifactKey: Guid(f6f8bbedb8e42944f99d310a4b836fe4) Importer(815301076,1909f56bfc062723c751e8b465ee728b)
Start importing Assets/Resources/Assets/UI using Guid(f6f8bbedb8e42944f99d310a4b836fe4) Importer(815301076,1909f56bfc062723c751e8b465ee728b)  -> (artifact id: '2717ccb1bc74ca1bf30f0a565c944988') in 0.007333 seconds
  Import took 0.016016 seconds .

========================================================================
Received Import Request.
  Time since last request: 128.750751 seconds.
  path: Assets/FungusExamples/TheHunter/Sprites/WaterfallForest.jpg
  artifactKey: Guid(abf7ee5b818ac485980005a2e5066fb0) Importer(815301076,1909f56bfc062723c751e8b465ee728b)
Start importing Assets/FungusExamples/TheHunter/Sprites/WaterfallForest.jpg using Guid(abf7ee5b818ac485980005a2e5066fb0) Importer(815301076,1909f56bfc062723c751e8b465ee728b)  -> (artifact id: '3b022dd752b1b673e751542d56d3b0e6') in 0.181363 seconds
  Import took 0.502090 seconds .

========================================================================
Received Import Request.
  Time since last request: 0.000151 seconds.
  path: Assets/FungusExamples/Sherlock/Portraits/John/worried.png
  artifactKey: Guid(9ce6cf540ce2ece4dacce467ace3bca4) Importer(815301076,1909f56bfc062723c751e8b465ee728b)
Start importing Assets/FungusExamples/Sherlock/Portraits/John/worried.png using Guid(9ce6cf540ce2ece4dacce467ace3bca4) Importer(815301076,1909f56bfc062723c751e8b465ee728b)  -> (artifact id: '410ba7669128515ba6b963e151cbbf6d') in 0.039918 seconds
  Import took 0.044649 seconds .

========================================================================
Received Import Request.
  Time since last request: 0.000173 seconds.
  path: Assets/FungusExamples/TheHunter/Sprites/WaterfallForest.jpg
  artifactKey: Guid(abf7ee5b818ac485980005a2e5066fb0) Importer(815301076,1909f56bfc062723c751e8b465ee728b)
Start importing Assets/FungusExamples/TheHunter/Sprites/WaterfallForest.jpg using Guid(abf7ee5b818ac485980005a2e5066fb0) Importer(815301076,1909f56bfc062723c751e8b465ee728b)  -> (artifact id: '3b022dd752b1b673e751542d56d3b0e6') in 0.028456 seconds
  Import took 0.033756 seconds .

========================================================================
Received Import Request.
  Time since last request: 1.730848 seconds.
  path: Assets/FungusExamples/TheFacility/Sprites/Vignette.png
  artifactKey: Guid(252b5a6bfbbc64f5184461a9150031bf) Importer(815301076,1909f56bfc062723c751e8b465ee728b)
Start importing Assets/FungusExamples/TheFacility/Sprites/Vignette.png using Guid(252b5a6bfbbc64f5184461a9150031bf) Importer(815301076,1909f56bfc062723c751e8b465ee728b)  -> (artifact id: 'e15d211ef1eb2997f5dd781ecf116e7d') in 0.046882 seconds
  Import took 0.052347 seconds .

========================================================================
Received Import Request.
  Time since last request: 0.000143 seconds.
  path: Assets/FungusExamples/TheHunter/Sprites/Waterfall.jpg
  artifactKey: Guid(e54c2166ac91140689c6f04097cab20e) Importer(815301076,1909f56bfc062723c751e8b465ee728b)
Start importing Assets/FungusExamples/TheHunter/Sprites/Waterfall.jpg using Guid(e54c2166ac91140689c6f04097cab20e) Importer(815301076,1909f56bfc062723c751e8b465ee728b)  -> (artifact id: '10d76561e7e58f28eac44dbe5185f205') in 0.043096 seconds
  Import took 0.048387 seconds .

========================================================================
Received Import Request.
  Time since last request: 0.305391 seconds.
  path: Assets/FungusExamples/Sherlock/Portraits/Sherlock/triumphant.png
  artifactKey: Guid(3fd077b79b3018945961e206b6435268) Importer(815301076,1909f56bfc062723c751e8b465ee728b)
Start importing Assets/FungusExamples/Sherlock/Portraits/Sherlock/triumphant.png using Guid(3fd077b79b3018945961e206b6435268) Importer(815301076,1909f56bfc062723c751e8b465ee728b)  -> (artifact id: '6c33da4d0b5faebab6bcd260c7e568dd') in 0.030200 seconds
  Import took 0.035744 seconds .

========================================================================
Received Import Request.
  Time since last request: 0.000135 seconds.
  path: Assets/Resources/Assets/UI/uidarktrans.png
  artifactKey: Guid(a97db297c474310499669400dca290bf) Importer(815301076,1909f56bfc062723c751e8b465ee728b)
Start importing Assets/Resources/Assets/UI/uidarktrans.png using Guid(a97db297c474310499669400dca290bf) Importer(815301076,1909f56bfc062723c751e8b465ee728b)  -> (artifact id: '4e74792eb4bc4fb3b1bb91d060980b3f') in 0.029534 seconds
  Import took 0.033438 seconds .

========================================================================
Received Import Request.
  Time since last request: 0.000208 seconds.
  path: Assets/FungusExamples/Sherlock/Portraits/John/triumphant.png
  artifactKey: Guid(58ba1a99d9b61514984191565c416eca) Importer(815301076,1909f56bfc062723c751e8b465ee728b)
Start importing Assets/FungusExamples/Sherlock/Portraits/John/triumphant.png using Guid(58ba1a99d9b61514984191565c416eca) Importer(815301076,1909f56bfc062723c751e8b465ee728b)  -> (artifact id: '12dc63e4578c3ce94f9b1cf5e69ca3a3') in 0.031140 seconds
  Import took 0.036747 seconds .

========================================================================
Received Import Request.
  Time since last request: 0.000197 seconds.
  path: Assets/FungusExamples/Playground/Sprites/Triangle.png
  artifactKey: Guid(946c61cb65f78df4394947a1ff1fce91) Importer(815301076,1909f56bfc062723c751e8b465ee728b)
Start importing Assets/FungusExamples/Playground/Sprites/Triangle.png using Guid(946c61cb65f78df4394947a1ff1fce91) Importer(815301076,1909f56bfc062723c751e8b465ee728b)  -> (artifact id: '6dc05358b855bae0c41923dccb384d04') in 0.024752 seconds
  Import took 0.030349 seconds .

========================================================================
Received Import Request.
  Time since last request: 235.236381 seconds.
  path: Assets/Resources/Assets/Scripts
  artifactKey: Guid(384d35acfeef63f4e93c49df1ba382a5) Importer(815301076,1909f56bfc062723c751e8b465ee728b)
Start importing Assets/Resources/Assets/Scripts using Guid(384d35acfeef63f4e93c49df1ba382a5) Importer(815301076,1909f56bfc062723c751e8b465ee728b)  -> (artifact id: '8bb0e7a7a3d7a669317a5de553a54b40') in 0.008288 seconds
  Import took 0.014260 seconds .

========================================================================
Received Import Request.
  Time since last request: 16.816488 seconds.
  path: Assets/Resources/Scripts/Menu_Item.cs
  artifactKey: Guid(a0a1699b2fb2b364b81bf1e2b1853737) Importer(815301076,1909f56bfc062723c751e8b465ee728b)
Start importing Assets/Resources/Scripts/Menu_Item.cs using Guid(a0a1699b2fb2b364b81bf1e2b1853737) Importer(815301076,1909f56bfc062723c751e8b465ee728b)  -> (artifact id: 'af2e3242d6a667338b0cc243fa55de48') in 0.022016 seconds
  Import took 0.034093 seconds .

========================================================================
Received Prepare
Registering precompiled user dll's ...
Registered in 0.001059 seconds.
Begin MonoManager ReloadAssembly
Native extension for WindowsStandalone target not found
Native extension for WebGL target not found
Refreshing native plugins compatible for Editor in 0.92 ms, found 1 plugins.
Preloading 0 native plugins for Editor in 0.00 ms.
Invoked RoslynAnalysisRunner static constructor.
RoslynAnalysisRunner will not be running.
RoslynAnalysisRunner has terminated.
Mono: successfully reloaded assembly
- Completed reload, in  1.321 seconds
Platform modules already initialized, skipping
Refreshing native plugins compatible for Editor in 0.44 ms, found 1 plugins.
Preloading 0 native plugins for Editor in 0.00 ms.
Unloading 2532 Unused Serialized files (Serialized files now loaded: 0)
System memory in use before: 109.0 MB.
System memory in use after: 109.1 MB.

Unloading 12 unused Assets to reduce memory usage. Loaded Objects now: 3008.
Total: 1.994200 ms (FindLiveObjects: 0.227100 ms CreateObjectMapping: 0.097700 ms MarkObjects: 1.570300 ms  DeleteObjects: 0.098100 ms)

AssetImportWorkerClient::OnTransportError - code=2 error=End of file
