Using pre-set license
Built from '2020.2/release' branch; Version is '2020.2.2f1 (068178b99f32) revision 426360'; Using compiler version '192528614'; Build Type 'Release'
OS: 'Windows 10 Pro; OS build 19042.746; Version 2009; 64bit' Language: 'en' Physical Memory: 16217 MB
BatchMode: 1, IsHumanControllingUs: 0, StartBugReporterOnCrash: 0, Is64bit: 1, IsPro: 0

 COMMAND LINE ARGUMENTS:
C:\Program Files\Unity\Hub\Editor\2020.2.2f1\Editor\Unity.exe
-adb2
-batchMode
-noUpm
-name
AssetImportWorker0
-projectPath
F:/Dev/Unity/GGJ21/Unityproj/PCBuild
-logFile
Logs/AssetImportWorker0.log
-srvPort
49596
Successfully changed project path to: F:/Dev/Unity/GGJ21/Unityproj/PCBuild
F:/Dev/Unity/GGJ21/Unityproj/PCBuild
Using Asset Import Pipeline V2.
Refreshing native plugins compatible for Editor in 118.03 ms, found 3 plugins.
Preloading 0 native plugins for Editor in 0.00 ms.
Initialize engine version: 2020.2.2f1 (068178b99f32)
[Subsystems] Discovering subsystems at path C:/Program Files/Unity/Hub/Editor/2020.2.2f1/Editor/Data/Resources/UnitySubsystems
[Subsystems] Discovering subsystems at path F:/Dev/Unity/GGJ21/Unityproj/PCBuild/Assets
GfxDevice: creating device client; threaded=0
Direct3D:
    Version:  Direct3D 11.0 [level 11.1]
    Renderer: Radeon RX 580 Series (ID=0x67df)
    Vendor:   
    VRAM:     8171 MB
    Driver:   27.20.14527.2002
Initialize mono
Mono path[0] = 'C:/Program Files/Unity/Hub/Editor/2020.2.2f1/Editor/Data/Managed'
Mono path[1] = 'C:/Program Files/Unity/Hub/Editor/2020.2.2f1/Editor/Data/MonoBleedingEdge/lib/mono/unityjit'
Mono config path = 'C:/Program Files/Unity/Hub/Editor/2020.2.2f1/Editor/Data/MonoBleedingEdge/etc'
Using monoOptions --debugger-agent=transport=dt_socket,embedding=1,server=y,suspend=n,address=127.0.0.1:56744
Begin MonoManager ReloadAssembly
Registering precompiled unity dll's ...
Register platform support module: C:/Program Files/Unity/Hub/Editor/2020.2.2f1/Editor/Data/PlaybackEngines/WebGLSupport/UnityEditor.WebGL.Extensions.dll
Register platform support module: C:/Program Files/Unity/Hub/Editor/2020.2.2f1/Editor/Data/PlaybackEngines/WindowsStandaloneSupport/UnityEditor.WindowsStandalone.Extensions.dll
Registered in 0.003195 seconds.
Native extension for WindowsStandalone target not found
Native extension for WebGL target not found
Refreshing native plugins compatible for Editor in 60.10 ms, found 3 plugins.
Preloading 0 native plugins for Editor in 0.00 ms.
Invoked RoslynAnalysisRunner static constructor.
RoslynAnalysisRunner will not be running.
RoslynAnalysisRunner has terminated.
Mono: successfully reloaded assembly
- Completed reload, in  2.281 seconds
Platform modules already initialized, skipping
Registering precompiled user dll's ...
Registered in 0.009961 seconds.
Begin MonoManager ReloadAssembly
Native extension for WindowsStandalone target not found
Native extension for WebGL target not found
Refreshing native plugins compatible for Editor in 62.74 ms, found 3 plugins.
Preloading 0 native plugins for Editor in 0.00 ms.
Refreshing native plugins compatible for Editor in 1.02 ms, found 3 plugins.
The file 'Assets/Wwise/Editor/ProjectData/AkWwiseProjectData.asset' seems to have merge conflicts. Please open it in a text editor and fix the merge.
UnityEngine.StackTraceUtility:ExtractStackTrace ()
UnityEditor.AssetDatabase:LoadAssetAtPath<AkWwiseProjectData> (string)
AkWwiseProjectInfo:GetData () (at Assets/Wwise/Editor/WwiseWindows/AkWwiseProjectInfo.cs:29)
AkWwiseWWUBuilder:GatherModifiedFiles () (at Assets/Wwise/Editor/WwiseWindows/AkWwiseWWUBuilder.cs:376)
AkWwiseWWUBuilder:InitializeWwiseProjectData () (at Assets/Wwise/Editor/WwiseWindows/AkWwiseWWUBuilder.cs:69)
AkWwiseWWUBuilder:.cctor () (at Assets/Wwise/Editor/WwiseWindows/AkWwiseWWUBuilder.cs:285)
System.Runtime.CompilerServices.RuntimeHelpers:RunClassConstructor (System.RuntimeTypeHandle)
UnityEditor.EditorAssemblies:ProcessInitializeOnLoadAttributes (System.Type[])

[Assets/Wwise/Editor/WwiseWindows/AkWwiseProjectInfo.cs line 29]

WwiseUnity: Unable to load asset at <F:/Dev/Unity/GGJ21/Unityproj/PCBuild/Assets\Wwise\Editor\ProjectData\AkWwiseProjectData.asset>.
UnityEngine.StackTraceUtility:ExtractStackTrace ()
UnityEngine.DebugLogHandler:LogFormat (UnityEngine.LogType,UnityEngine.Object,string,object[])
UnityEngine.Logger:Log (UnityEngine.LogType,object)
UnityEngine.Debug:LogWarning (object)
AkWwiseProjectInfo:GetData () (at Assets/Wwise/Editor/WwiseWindows/AkWwiseProjectInfo.cs:46)
AkWwiseWWUBuilder:GatherModifiedFiles () (at Assets/Wwise/Editor/WwiseWindows/AkWwiseWWUBuilder.cs:376)
AkWwiseWWUBuilder:InitializeWwiseProjectData () (at Assets/Wwise/Editor/WwiseWindows/AkWwiseWWUBuilder.cs:69)
AkWwiseWWUBuilder:.cctor () (at Assets/Wwise/Editor/WwiseWindows/AkWwiseWWUBuilder.cs:285)
System.Runtime.CompilerServices.RuntimeHelpers:RunClassConstructor (System.RuntimeTypeHandle)
UnityEditor.EditorAssemblies:ProcessInitializeOnLoadAttributes (System.Type[])

(Filename: Assets/Wwise/Editor/WwiseWindows/AkWwiseProjectInfo.cs Line: 46)

DisplayProgressbar: Populating Wwise Picker
Invoked RoslynAnalysisRunner static constructor.
RoslynAnalysisRunner will not be running.
RoslynAnalysisRunner has terminated.
Mono: successfully reloaded assembly
- Completed reload, in  1.593 seconds
Platform modules already initialized, skipping
========================================================================
Worker process is ready to serve import requests
Launched and connected shader compiler UnityShaderCompiler.exe after 0.05 seconds
Refreshing native plugins compatible for Editor in 1.54 ms, found 3 plugins.
Preloading 0 native plugins for Editor in 0.00 ms.
Unloading 2920 Unused Serialized files (Serialized files now loaded: 0)
System memory in use before: 117.9 MB.
System memory in use after: 118.0 MB.

Unloading 130 unused Assets to reduce memory usage. Loaded Objects now: 3259.
Total: 4.370500 ms (FindLiveObjects: 0.810400 ms CreateObjectMapping: 0.482200 ms MarkObjects: 2.877600 ms  DeleteObjects: 0.198500 ms)

========================================================================
Received Import Request.
  path: Assets/Resources/Scenes/CHR1MagicalGirl.unity
  artifactKey: Guid(8ebc7f6d354a72e4eae1502e37486732) Importer(815301076,1909f56bfc062723c751e8b465ee728b)
Start importing Assets/Resources/Scenes/CHR1MagicalGirl.unity using Guid(8ebc7f6d354a72e4eae1502e37486732) Importer(815301076,1909f56bfc062723c751e8b465ee728b)  -> (artifact id: '5d48a317fff987ba225dc092cbd336f8') in 0.017799 seconds
  Import took 0.022961 seconds .

========================================================================
Received Import Request.
  Time since last request: 142.530168 seconds.
  path: Assets/Resources/Scenes/CHR2Goth.unity
  artifactKey: Guid(b162fae2f6f04c645961960ce183cd3a) Importer(815301076,1909f56bfc062723c751e8b465ee728b)
Start importing Assets/Resources/Scenes/CHR2Goth.unity using Guid(b162fae2f6f04c645961960ce183cd3a) Importer(815301076,1909f56bfc062723c751e8b465ee728b)  -> (artifact id: '46adb7f095defd0061e9717bdfb95d7b') in 0.012652 seconds
  Import took 0.019489 seconds .

========================================================================
Received Prepare
Registering precompiled user dll's ...
Registered in 0.010298 seconds.
Begin MonoManager ReloadAssembly
Native extension for WindowsStandalone target not found
Native extension for WebGL target not found
Refreshing native plugins compatible for Editor in 1.20 ms, found 3 plugins.
Preloading 0 native plugins for Editor in 0.00 ms.
WwiseUnity: Unable to load asset at <F:/Dev/Unity/GGJ21/Unityproj/PCBuild/Assets\Wwise\Editor\ProjectData\AkWwiseProjectData.asset>.
UnityEngine.StackTraceUtility:ExtractStackTrace ()
UnityEngine.DebugLogHandler:LogFormat (UnityEngine.LogType,UnityEngine.Object,string,object[])
UnityEngine.Logger:Log (UnityEngine.LogType,object)
UnityEngine.Debug:LogWarning (object)
AkWwiseProjectInfo:GetData () (at Assets/Wwise/Editor/WwiseWindows/AkWwiseProjectInfo.cs:46)
AkWwiseWWUBuilder:GatherModifiedFiles () (at Assets/Wwise/Editor/WwiseWindows/AkWwiseWWUBuilder.cs:376)
AkWwiseWWUBuilder:InitializeWwiseProjectData () (at Assets/Wwise/Editor/WwiseWindows/AkWwiseWWUBuilder.cs:69)
AkWwiseWWUBuilder:.cctor () (at Assets/Wwise/Editor/WwiseWindows/AkWwiseWWUBuilder.cs:285)
System.Runtime.CompilerServices.RuntimeHelpers:RunClassConstructor (System.RuntimeTypeHandle)
UnityEditor.EditorAssemblies:ProcessInitializeOnLoadAttributes (System.Type[])

(Filename: Assets/Wwise/Editor/WwiseWindows/AkWwiseProjectInfo.cs Line: 46)

Refreshing native plugins compatible for Editor in 3.34 ms, found 3 plugins.
Invoked RoslynAnalysisRunner static constructor.
RoslynAnalysisRunner will not be running.
RoslynAnalysisRunner has terminated.
Mono: successfully reloaded assembly
- Completed reload, in  1.653 seconds
Platform modules already initialized, skipping
Refreshing native plugins compatible for Editor in 1.96 ms, found 3 plugins.
Preloading 0 native plugins for Editor in 0.00 ms.
Unloading 2904 Unused Serialized files (Serialized files now loaded: 0)
System memory in use before: 118.9 MB.
System memory in use after: 119.0 MB.

Unloading 118 unused Assets to reduce memory usage. Loaded Objects now: 3263.
Total: 9.118300 ms (FindLiveObjects: 0.719700 ms CreateObjectMapping: 0.950800 ms MarkObjects: 7.285500 ms  DeleteObjects: 0.159700 ms)

========================================================================
Received Import Request.
  Time since last request: 39.372927 seconds.
  path: Assets/Resources/Scenes/Start.unity
  artifactKey: Guid(9a5ae8ed798b8bf4a853589ca7d23dce) Importer(815301076,1909f56bfc062723c751e8b465ee728b)
Start importing Assets/Resources/Scenes/Start.unity using Guid(9a5ae8ed798b8bf4a853589ca7d23dce) Importer(815301076,1909f56bfc062723c751e8b465ee728b)  -> (artifact id: '02a9547fe278673271b5cf2317f4a511') in 0.023745 seconds
  Import took 0.029918 seconds .

========================================================================
Received Prepare
Registering precompiled user dll's ...
Registered in 0.010768 seconds.
Begin MonoManager ReloadAssembly
Native extension for WindowsStandalone target not found
Native extension for WebGL target not found
Refreshing native plugins compatible for Editor in 1.12 ms, found 3 plugins.
Preloading 0 native plugins for Editor in 0.00 ms.
WwiseUnity: Unable to load asset at <F:/Dev/Unity/GGJ21/Unityproj/PCBuild/Assets\Wwise\Editor\ProjectData\AkWwiseProjectData.asset>.
UnityEngine.StackTraceUtility:ExtractStackTrace ()
UnityEngine.DebugLogHandler:LogFormat (UnityEngine.LogType,UnityEngine.Object,string,object[])
UnityEngine.Logger:Log (UnityEngine.LogType,object)
UnityEngine.Debug:LogWarning (object)
AkWwiseProjectInfo:GetData () (at Assets/Wwise/Editor/WwiseWindows/AkWwiseProjectInfo.cs:46)
AkWwiseWWUBuilder:GatherModifiedFiles () (at Assets/Wwise/Editor/WwiseWindows/AkWwiseWWUBuilder.cs:376)
AkWwiseWWUBuilder:InitializeWwiseProjectData () (at Assets/Wwise/Editor/WwiseWindows/AkWwiseWWUBuilder.cs:69)
AkWwiseWWUBuilder:.cctor () (at Assets/Wwise/Editor/WwiseWindows/AkWwiseWWUBuilder.cs:285)
System.Runtime.CompilerServices.RuntimeHelpers:RunClassConstructor (System.RuntimeTypeHandle)
UnityEditor.EditorAssemblies:ProcessInitializeOnLoadAttributes (System.Type[])

(Filename: Assets/Wwise/Editor/WwiseWindows/AkWwiseProjectInfo.cs Line: 46)

Refreshing native plugins compatible for Editor in 1.29 ms, found 3 plugins.
Invoked RoslynAnalysisRunner static constructor.
RoslynAnalysisRunner will not be running.
RoslynAnalysisRunner has terminated.
Mono: successfully reloaded assembly
- Completed reload, in  1.483 seconds
Platform modules already initialized, skipping
Refreshing native plugins compatible for Editor in 1.17 ms, found 3 plugins.
Preloading 0 native plugins for Editor in 0.00 ms.
Unloading 2904 Unused Serialized files (Serialized files now loaded: 0)
System memory in use before: 119.2 MB.
System memory in use after: 119.3 MB.

Unloading 118 unused Assets to reduce memory usage. Loaded Objects now: 3267.
Total: 3.699600 ms (FindLiveObjects: 0.515900 ms CreateObjectMapping: 0.274500 ms MarkObjects: 2.751100 ms  DeleteObjects: 0.156600 ms)

========================================================================
Received Prepare
Registering precompiled user dll's ...
Registered in 0.019206 seconds.
Begin MonoManager ReloadAssembly
Native extension for WindowsStandalone target not found
Native extension for WebGL target not found
Refreshing native plugins compatible for Editor in 2.71 ms, found 3 plugins.
Preloading 0 native plugins for Editor in 0.00 ms.
WwiseUnity: Unable to load asset at <F:/Dev/Unity/GGJ21/Unityproj/PCBuild/Assets\Wwise\Editor\ProjectData\AkWwiseProjectData.asset>.
UnityEngine.StackTraceUtility:ExtractStackTrace ()
UnityEngine.DebugLogHandler:LogFormat (UnityEngine.LogType,UnityEngine.Object,string,object[])
UnityEngine.Logger:Log (UnityEngine.LogType,object)
UnityEngine.Debug:LogWarning (object)
AkWwiseProjectInfo:GetData () (at Assets/Wwise/Editor/WwiseWindows/AkWwiseProjectInfo.cs:46)
AkWwiseWWUBuilder:GatherModifiedFiles () (at Assets/Wwise/Editor/WwiseWindows/AkWwiseWWUBuilder.cs:376)
AkWwiseWWUBuilder:InitializeWwiseProjectData () (at Assets/Wwise/Editor/WwiseWindows/AkWwiseWWUBuilder.cs:69)
AkWwiseWWUBuilder:.cctor () (at Assets/Wwise/Editor/WwiseWindows/AkWwiseWWUBuilder.cs:285)
System.Runtime.CompilerServices.RuntimeHelpers:RunClassConstructor (System.RuntimeTypeHandle)
UnityEditor.EditorAssemblies:ProcessInitializeOnLoadAttributes (System.Type[])

(Filename: Assets/Wwise/Editor/WwiseWindows/AkWwiseProjectInfo.cs Line: 46)

Refreshing native plugins compatible for Editor in 1.86 ms, found 3 plugins.
Invoked RoslynAnalysisRunner static constructor.
RoslynAnalysisRunner will not be running.
RoslynAnalysisRunner has terminated.
Mono: successfully reloaded assembly
- Completed reload, in  2.373 seconds
Platform modules already initialized, skipping
Refreshing native plugins compatible for Editor in 1.60 ms, found 3 plugins.
Preloading 0 native plugins for Editor in 0.00 ms.
Unloading 2904 Unused Serialized files (Serialized files now loaded: 0)
System memory in use before: 119.4 MB.
System memory in use after: 119.5 MB.

Unloading 118 unused Assets to reduce memory usage. Loaded Objects now: 3271.
Total: 4.924700 ms (FindLiveObjects: 0.683200 ms CreateObjectMapping: 0.354400 ms MarkObjects: 3.717900 ms  DeleteObjects: 0.167100 ms)

========================================================================
Received Import Request.
  Time since last request: 58.579999 seconds.
  path: Assets/Resources/Scenes/CHR2Goth.unity
  artifactKey: Guid(b162fae2f6f04c645961960ce183cd3a) Importer(815301076,1909f56bfc062723c751e8b465ee728b)
Start importing Assets/Resources/Scenes/CHR2Goth.unity using Guid(b162fae2f6f04c645961960ce183cd3a) Importer(815301076,1909f56bfc062723c751e8b465ee728b)  -> (artifact id: '27c1060844672b1b734904b97e5542eb') in 0.025216 seconds
  Import took 0.031969 seconds .

========================================================================
Received Import Request.
  Time since last request: 110.116068 seconds.
  path: Assets/Resources/Scenes/CHR3Gecko.unity
  artifactKey: Guid(cb8825e313cc34a48b1b848a823a397a) Importer(815301076,1909f56bfc062723c751e8b465ee728b)
Start importing Assets/Resources/Scenes/CHR3Gecko.unity using Guid(cb8825e313cc34a48b1b848a823a397a) Importer(815301076,1909f56bfc062723c751e8b465ee728b)  -> (artifact id: '225094a9f7b46f82b0ecdc6a25f6eda4') in 0.008881 seconds
  Import took 0.017541 seconds .

========================================================================
Received Import Request.
  Time since last request: 0.000365 seconds.
  path: Assets/Resources/Scenes/CHR3Gecko.unity
  artifactKey: Guid(cb8825e313cc34a48b1b848a823a397a) Importer(815301076,1909f56bfc062723c751e8b465ee728b)
Start importing Assets/Resources/Scenes/CHR3Gecko.unity using Guid(cb8825e313cc34a48b1b848a823a397a) Importer(815301076,1909f56bfc062723c751e8b465ee728b)  -> (artifact id: '225094a9f7b46f82b0ecdc6a25f6eda4') in 0.003260 seconds
  Import took 0.009536 seconds .

========================================================================
Received Prepare
Registering precompiled user dll's ...
Registered in 0.011782 seconds.
Begin MonoManager ReloadAssembly
Native extension for WindowsStandalone target not found
Native extension for WebGL target not found
Refreshing native plugins compatible for Editor in 1.53 ms, found 3 plugins.
Preloading 0 native plugins for Editor in 0.00 ms.
WwiseUnity: Unable to load asset at <F:/Dev/Unity/GGJ21/Unityproj/PCBuild/Assets\Wwise\Editor\ProjectData\AkWwiseProjectData.asset>.
UnityEngine.StackTraceUtility:ExtractStackTrace ()
UnityEngine.DebugLogHandler:LogFormat (UnityEngine.LogType,UnityEngine.Object,string,object[])
UnityEngine.Logger:Log (UnityEngine.LogType,object)
UnityEngine.Debug:LogWarning (object)
AkWwiseProjectInfo:GetData () (at Assets/Wwise/Editor/WwiseWindows/AkWwiseProjectInfo.cs:46)
AkWwiseWWUBuilder:GatherModifiedFiles () (at Assets/Wwise/Editor/WwiseWindows/AkWwiseWWUBuilder.cs:376)
AkWwiseWWUBuilder:InitializeWwiseProjectData () (at Assets/Wwise/Editor/WwiseWindows/AkWwiseWWUBuilder.cs:69)
AkWwiseWWUBuilder:.cctor () (at Assets/Wwise/Editor/WwiseWindows/AkWwiseWWUBuilder.cs:285)
System.Runtime.CompilerServices.RuntimeHelpers:RunClassConstructor (System.RuntimeTypeHandle)
UnityEditor.EditorAssemblies:ProcessInitializeOnLoadAttributes (System.Type[])

(Filename: Assets/Wwise/Editor/WwiseWindows/AkWwiseProjectInfo.cs Line: 46)

Refreshing native plugins compatible for Editor in 1.18 ms, found 3 plugins.
Invoked RoslynAnalysisRunner static constructor.
RoslynAnalysisRunner will not be running.
RoslynAnalysisRunner has terminated.
Mono: successfully reloaded assembly
- Completed reload, in  1.683 seconds
Platform modules already initialized, skipping
Refreshing native plugins compatible for Editor in 1.17 ms, found 3 plugins.
Preloading 0 native plugins for Editor in 0.00 ms.
Unloading 2904 Unused Serialized files (Serialized files now loaded: 0)
System memory in use before: 120.1 MB.
System memory in use after: 120.2 MB.

Unloading 118 unused Assets to reduce memory usage. Loaded Objects now: 3275.
Total: 4.439600 ms (FindLiveObjects: 0.621500 ms CreateObjectMapping: 0.317600 ms MarkObjects: 3.303200 ms  DeleteObjects: 0.196200 ms)

========================================================================
Received Import Request.
  Time since last request: 77.766948 seconds.
  path: Assets/Resources/Scenes/CHR4Penguin.unity
  artifactKey: Guid(3b024dbc51a080c47b4b3334284df75b) Importer(815301076,1909f56bfc062723c751e8b465ee728b)
Start importing Assets/Resources/Scenes/CHR4Penguin.unity using Guid(3b024dbc51a080c47b4b3334284df75b) Importer(815301076,1909f56bfc062723c751e8b465ee728b)  -> (artifact id: 'aab9f290a4a0e8fe9b6cca77d726bfdc') in 0.029235 seconds
  Import took 0.035798 seconds .

========================================================================
Received Import Request.
  Time since last request: 54.170194 seconds.
  path: Assets/Resources/Scenes/CHR4Penguin.unity
  artifactKey: Guid(3b024dbc51a080c47b4b3334284df75b) Importer(815301076,1909f56bfc062723c751e8b465ee728b)
Start importing Assets/Resources/Scenes/CHR4Penguin.unity using Guid(3b024dbc51a080c47b4b3334284df75b) Importer(815301076,1909f56bfc062723c751e8b465ee728b)  -> (artifact id: '34c6f4fa69bad4a3428b27bbe769e05c') in 0.008567 seconds
  Import took 0.015090 seconds .

========================================================================
Received Import Request.
  Time since last request: 26.220600 seconds.
  path: Assets/Resources/Scenes/Intro.unity
  artifactKey: Guid(4be1b390baabeb54c8a43a7533c8b3ed) Importer(815301076,1909f56bfc062723c751e8b465ee728b)
Start importing Assets/Resources/Scenes/Intro.unity using Guid(4be1b390baabeb54c8a43a7533c8b3ed) Importer(815301076,1909f56bfc062723c751e8b465ee728b)  -> (artifact id: 'b6c8dcb4ca5d82168eeb70892623dab5') in 0.008240 seconds
  Import took 0.015062 seconds .

========================================================================
Received Import Request.
  Time since last request: 88.997725 seconds.
  path: Assets/Resources/Scenes/CHR2Goth.unity
  artifactKey: Guid(b162fae2f6f04c645961960ce183cd3a) Importer(815301076,1909f56bfc062723c751e8b465ee728b)
Start importing Assets/Resources/Scenes/CHR2Goth.unity using Guid(b162fae2f6f04c645961960ce183cd3a) Importer(815301076,1909f56bfc062723c751e8b465ee728b)  -> (artifact id: '1a6879c33b0bb3f00b630649249393fe') in 0.009037 seconds
  Import took 0.017120 seconds .

========================================================================
Received Prepare
Registering precompiled user dll's ...
Registered in 0.013455 seconds.
Begin MonoManager ReloadAssembly
Native extension for WindowsStandalone target not found
Native extension for WebGL target not found
Refreshing native plugins compatible for Editor in 1.55 ms, found 3 plugins.
Preloading 0 native plugins for Editor in 0.00 ms.
WwiseUnity: Unable to load asset at <F:/Dev/Unity/GGJ21/Unityproj/PCBuild/Assets\Wwise\Editor\ProjectData\AkWwiseProjectData.asset>.
UnityEngine.StackTraceUtility:ExtractStackTrace ()
UnityEngine.DebugLogHandler:LogFormat (UnityEngine.LogType,UnityEngine.Object,string,object[])
UnityEngine.Logger:Log (UnityEngine.LogType,object)
UnityEngine.Debug:LogWarning (object)
AkWwiseProjectInfo:GetData () (at Assets/Wwise/Editor/WwiseWindows/AkWwiseProjectInfo.cs:46)
AkWwiseWWUBuilder:GatherModifiedFiles () (at Assets/Wwise/Editor/WwiseWindows/AkWwiseWWUBuilder.cs:376)
AkWwiseWWUBuilder:InitializeWwiseProjectData () (at Assets/Wwise/Editor/WwiseWindows/AkWwiseWWUBuilder.cs:69)
AkWwiseWWUBuilder:.cctor () (at Assets/Wwise/Editor/WwiseWindows/AkWwiseWWUBuilder.cs:285)
System.Runtime.CompilerServices.RuntimeHelpers:RunClassConstructor (System.RuntimeTypeHandle)
UnityEditor.EditorAssemblies:ProcessInitializeOnLoadAttributes (System.Type[])

(Filename: Assets/Wwise/Editor/WwiseWindows/AkWwiseProjectInfo.cs Line: 46)

Refreshing native plugins compatible for Editor in 2.04 ms, found 3 plugins.
Invoked RoslynAnalysisRunner static constructor.
RoslynAnalysisRunner will not be running.
RoslynAnalysisRunner has terminated.
Mono: successfully reloaded assembly
- Completed reload, in  1.665 seconds
Platform modules already initialized, skipping
Refreshing native plugins compatible for Editor in 1.16 ms, found 3 plugins.
Preloading 0 native plugins for Editor in 0.00 ms.
Unloading 2904 Unused Serialized files (Serialized files now loaded: 0)
System memory in use before: 119.8 MB.
System memory in use after: 119.9 MB.

Unloading 118 unused Assets to reduce memory usage. Loaded Objects now: 3279.
Total: 3.624400 ms (FindLiveObjects: 0.349800 ms CreateObjectMapping: 0.302200 ms MarkObjects: 2.782700 ms  DeleteObjects: 0.188400 ms)

========================================================================
Received Import Request.
  Time since last request: 81.152012 seconds.
  path: Assets/Resources/Scenes/CHR4Penguin.unity
  artifactKey: Guid(3b024dbc51a080c47b4b3334284df75b) Importer(815301076,1909f56bfc062723c751e8b465ee728b)
Start importing Assets/Resources/Scenes/CHR4Penguin.unity using Guid(3b024dbc51a080c47b4b3334284df75b) Importer(815301076,1909f56bfc062723c751e8b465ee728b)  -> (artifact id: '96ba80c960046983db3800b4c5eb07e1') in 0.024161 seconds
  Import took 0.031786 seconds .

========================================================================
Received Prepare
Registering precompiled user dll's ...
Registered in 0.016925 seconds.
Begin MonoManager ReloadAssembly
Native extension for WindowsStandalone target not found
Native extension for WebGL target not found
Refreshing native plugins compatible for Editor in 1.22 ms, found 3 plugins.
Preloading 0 native plugins for Editor in 0.00 ms.
WwiseUnity: Unable to load asset at <F:/Dev/Unity/GGJ21/Unityproj/PCBuild/Assets\Wwise\Editor\ProjectData\AkWwiseProjectData.asset>.
UnityEngine.StackTraceUtility:ExtractStackTrace ()
UnityEngine.DebugLogHandler:LogFormat (UnityEngine.LogType,UnityEngine.Object,string,object[])
UnityEngine.Logger:Log (UnityEngine.LogType,object)
UnityEngine.Debug:LogWarning (object)
AkWwiseProjectInfo:GetData () (at Assets/Wwise/Editor/WwiseWindows/AkWwiseProjectInfo.cs:46)
AkWwiseWWUBuilder:GatherModifiedFiles () (at Assets/Wwise/Editor/WwiseWindows/AkWwiseWWUBuilder.cs:376)
AkWwiseWWUBuilder:InitializeWwiseProjectData () (at Assets/Wwise/Editor/WwiseWindows/AkWwiseWWUBuilder.cs:69)
AkWwiseWWUBuilder:.cctor () (at Assets/Wwise/Editor/WwiseWindows/AkWwiseWWUBuilder.cs:285)
System.Runtime.CompilerServices.RuntimeHelpers:RunClassConstructor (System.RuntimeTypeHandle)
UnityEditor.EditorAssemblies:ProcessInitializeOnLoadAttributes (System.Type[])

(Filename: Assets/Wwise/Editor/WwiseWindows/AkWwiseProjectInfo.cs Line: 46)

Refreshing native plugins compatible for Editor in 1.50 ms, found 3 plugins.
Invoked RoslynAnalysisRunner static constructor.
RoslynAnalysisRunner will not be running.
RoslynAnalysisRunner has terminated.
Mono: successfully reloaded assembly
- Completed reload, in  1.620 seconds
Platform modules already initialized, skipping
Refreshing native plugins compatible for Editor in 1.33 ms, found 3 plugins.
Preloading 0 native plugins for Editor in 0.00 ms.
Unloading 2904 Unused Serialized files (Serialized files now loaded: 0)
System memory in use before: 119.9 MB.
System memory in use after: 120.0 MB.

Unloading 118 unused Assets to reduce memory usage. Loaded Objects now: 3283.
Total: 4.094400 ms (FindLiveObjects: 0.384000 ms CreateObjectMapping: 0.398900 ms MarkObjects: 3.143100 ms  DeleteObjects: 0.166700 ms)

========================================================================
Received Prepare
Registering precompiled user dll's ...
Registered in 0.014370 seconds.
Begin MonoManager ReloadAssembly
Native extension for WindowsStandalone target not found
Native extension for WebGL target not found
Refreshing native plugins compatible for Editor in 1.44 ms, found 3 plugins.
Preloading 0 native plugins for Editor in 0.00 ms.
WwiseUnity: Unable to load asset at <F:/Dev/Unity/GGJ21/Unityproj/PCBuild/Assets\Wwise\Editor\ProjectData\AkWwiseProjectData.asset>.
UnityEngine.StackTraceUtility:ExtractStackTrace ()
UnityEngine.DebugLogHandler:LogFormat (UnityEngine.LogType,UnityEngine.Object,string,object[])
UnityEngine.Logger:Log (UnityEngine.LogType,object)
UnityEngine.Debug:LogWarning (object)
AkWwiseProjectInfo:GetData () (at Assets/Wwise/Editor/WwiseWindows/AkWwiseProjectInfo.cs:46)
AkWwiseWWUBuilder:GatherModifiedFiles () (at Assets/Wwise/Editor/WwiseWindows/AkWwiseWWUBuilder.cs:376)
AkWwiseWWUBuilder:InitializeWwiseProjectData () (at Assets/Wwise/Editor/WwiseWindows/AkWwiseWWUBuilder.cs:69)
AkWwiseWWUBuilder:.cctor () (at Assets/Wwise/Editor/WwiseWindows/AkWwiseWWUBuilder.cs:285)
System.Runtime.CompilerServices.RuntimeHelpers:RunClassConstructor (System.RuntimeTypeHandle)
UnityEditor.EditorAssemblies:ProcessInitializeOnLoadAttributes (System.Type[])

(Filename: Assets/Wwise/Editor/WwiseWindows/AkWwiseProjectInfo.cs Line: 46)

Refreshing native plugins compatible for Editor in 1.58 ms, found 3 plugins.
Invoked RoslynAnalysisRunner static constructor.
RoslynAnalysisRunner will not be running.
RoslynAnalysisRunner has terminated.
Mono: successfully reloaded assembly
- Completed reload, in  2.355 seconds
Platform modules already initialized, skipping
Refreshing native plugins compatible for Editor in 2.54 ms, found 3 plugins.
Preloading 0 native plugins for Editor in 0.00 ms.
Unloading 2904 Unused Serialized files (Serialized files now loaded: 0)
System memory in use before: 120.3 MB.
System memory in use after: 120.4 MB.

Unloading 118 unused Assets to reduce memory usage. Loaded Objects now: 3287.
Total: 4.778400 ms (FindLiveObjects: 0.624400 ms CreateObjectMapping: 0.282000 ms MarkObjects: 3.700500 ms  DeleteObjects: 0.169600 ms)

========================================================================
Received Import Request.
  Time since last request: 618.935813 seconds.
  path: Assets/Resources/Scenes/Main.unity
  artifactKey: Guid(175d593186d37a847b2ae35de28be6b3) Importer(815301076,1909f56bfc062723c751e8b465ee728b)
Start importing Assets/Resources/Scenes/Main.unity using Guid(175d593186d37a847b2ae35de28be6b3) Importer(815301076,1909f56bfc062723c751e8b465ee728b)  -> (artifact id: '9df9e9def29891cb05053d503393ec6f') in 0.020365 seconds
  Import took 0.027106 seconds .

========================================================================
Received Prepare
Registering precompiled user dll's ...
Registered in 0.014088 seconds.
Begin MonoManager ReloadAssembly
Native extension for WindowsStandalone target not found
Native extension for WebGL target not found
Refreshing native plugins compatible for Editor in 1.40 ms, found 3 plugins.
Preloading 0 native plugins for Editor in 0.00 ms.
WwiseUnity: Unable to load asset at <F:/Dev/Unity/GGJ21/Unityproj/PCBuild/Assets\Wwise\Editor\ProjectData\AkWwiseProjectData.asset>.
UnityEngine.StackTraceUtility:ExtractStackTrace ()
UnityEngine.DebugLogHandler:LogFormat (UnityEngine.LogType,UnityEngine.Object,string,object[])
UnityEngine.Logger:Log (UnityEngine.LogType,object)
UnityEngine.Debug:LogWarning (object)
AkWwiseProjectInfo:GetData () (at Assets/Wwise/Editor/WwiseWindows/AkWwiseProjectInfo.cs:46)
AkWwiseWWUBuilder:GatherModifiedFiles () (at Assets/Wwise/Editor/WwiseWindows/AkWwiseWWUBuilder.cs:376)
AkWwiseWWUBuilder:InitializeWwiseProjectData () (at Assets/Wwise/Editor/WwiseWindows/AkWwiseWWUBuilder.cs:69)
AkWwiseWWUBuilder:.cctor () (at Assets/Wwise/Editor/WwiseWindows/AkWwiseWWUBuilder.cs:285)
System.Runtime.CompilerServices.RuntimeHelpers:RunClassConstructor (System.RuntimeTypeHandle)
UnityEditor.EditorAssemblies:ProcessInitializeOnLoadAttributes (System.Type[])

(Filename: Assets/Wwise/Editor/WwiseWindows/AkWwiseProjectInfo.cs Line: 46)

Refreshing native plugins compatible for Editor in 1.18 ms, found 3 plugins.
Invoked RoslynAnalysisRunner static constructor.
RoslynAnalysisRunner will not be running.
RoslynAnalysisRunner has terminated.
Mono: successfully reloaded assembly
- Completed reload, in  1.553 seconds
Platform modules already initialized, skipping
Refreshing native plugins compatible for Editor in 1.10 ms, found 3 plugins.
Preloading 0 native plugins for Editor in 0.00 ms.
Unloading 2904 Unused Serialized files (Serialized files now loaded: 0)
System memory in use before: 119.9 MB.
System memory in use after: 120.0 MB.

Unloading 118 unused Assets to reduce memory usage. Loaded Objects now: 3291.
Total: 4.303000 ms (FindLiveObjects: 0.371300 ms CreateObjectMapping: 0.267300 ms MarkObjects: 3.484100 ms  DeleteObjects: 0.178000 ms)

========================================================================
Received Import Request.
  Time since last request: 45.031160 seconds.
  path: Assets/Resources/Scenes/CHR2Goth.unity
  artifactKey: Guid(b162fae2f6f04c645961960ce183cd3a) Importer(815301076,1909f56bfc062723c751e8b465ee728b)
Start importing Assets/Resources/Scenes/CHR2Goth.unity using Guid(b162fae2f6f04c645961960ce183cd3a) Importer(815301076,1909f56bfc062723c751e8b465ee728b)  -> (artifact id: '394f0967314392397f61f322a8b08eb2') in 0.035561 seconds
  Import took 0.041948 seconds .

========================================================================
Received Import Request.
  Time since last request: 2.666469 seconds.
  path: Assets/Resources/Scenes/CHR3Gecko.unity
  artifactKey: Guid(cb8825e313cc34a48b1b848a823a397a) Importer(815301076,1909f56bfc062723c751e8b465ee728b)
Start importing Assets/Resources/Scenes/CHR3Gecko.unity using Guid(cb8825e313cc34a48b1b848a823a397a) Importer(815301076,1909f56bfc062723c751e8b465ee728b)  -> (artifact id: 'eff332b8ff22a0490741732aa12830b7') in 0.009436 seconds
  Import took 0.015738 seconds .

========================================================================
Received Import Request.
  Time since last request: 1.624104 seconds.
  path: Assets/Resources/Scenes/CHR4Penguin.unity
  artifactKey: Guid(3b024dbc51a080c47b4b3334284df75b) Importer(815301076,1909f56bfc062723c751e8b465ee728b)
Start importing Assets/Resources/Scenes/CHR4Penguin.unity using Guid(3b024dbc51a080c47b4b3334284df75b) Importer(815301076,1909f56bfc062723c751e8b465ee728b)  -> (artifact id: 'fe9d1f819a5dd10d42a30d2b0cf9106d') in 0.009607 seconds
  Import took 0.017091 seconds .

========================================================================
Received Prepare
Registering precompiled user dll's ...
Registered in 0.011006 seconds.
Begin MonoManager ReloadAssembly
Native extension for WindowsStandalone target not found
Native extension for WebGL target not found
Refreshing native plugins compatible for Editor in 1.10 ms, found 3 plugins.
Preloading 0 native plugins for Editor in 0.00 ms.
WwiseUnity: Unable to load asset at <F:/Dev/Unity/GGJ21/Unityproj/PCBuild/Assets\Wwise\Editor\ProjectData\AkWwiseProjectData.asset>.
UnityEngine.StackTraceUtility:ExtractStackTrace ()
UnityEngine.DebugLogHandler:LogFormat (UnityEngine.LogType,UnityEngine.Object,string,object[])
UnityEngine.Logger:Log (UnityEngine.LogType,object)
UnityEngine.Debug:LogWarning (object)
AkWwiseProjectInfo:GetData () (at Assets/Wwise/Editor/WwiseWindows/AkWwiseProjectInfo.cs:46)
AkWwiseWWUBuilder:GatherModifiedFiles () (at Assets/Wwise/Editor/WwiseWindows/AkWwiseWWUBuilder.cs:376)
AkWwiseWWUBuilder:InitializeWwiseProjectData () (at Assets/Wwise/Editor/WwiseWindows/AkWwiseWWUBuilder.cs:69)
AkWwiseWWUBuilder:.cctor () (at Assets/Wwise/Editor/WwiseWindows/AkWwiseWWUBuilder.cs:285)
System.Runtime.CompilerServices.RuntimeHelpers:RunClassConstructor (System.RuntimeTypeHandle)
UnityEditor.EditorAssemblies:ProcessInitializeOnLoadAttributes (System.Type[])

(Filename: Assets/Wwise/Editor/WwiseWindows/AkWwiseProjectInfo.cs Line: 46)

Refreshing native plugins compatible for Editor in 1.42 ms, found 3 plugins.
Invoked RoslynAnalysisRunner static constructor.
RoslynAnalysisRunner will not be running.
RoslynAnalysisRunner has terminated.
Mono: successfully reloaded assembly
- Completed reload, in  1.672 seconds
Platform modules already initialized, skipping
Refreshing native plugins compatible for Editor in 1.94 ms, found 3 plugins.
Preloading 0 native plugins for Editor in 0.00 ms.
Unloading 2904 Unused Serialized files (Serialized files now loaded: 0)
System memory in use before: 120.3 MB.
System memory in use after: 120.5 MB.

Unloading 118 unused Assets to reduce memory usage. Loaded Objects now: 3295.
Total: 5.048700 ms (FindLiveObjects: 0.600700 ms CreateObjectMapping: 0.420600 ms MarkObjects: 3.848000 ms  DeleteObjects: 0.177200 ms)

========================================================================
Received Import Request.
  Time since last request: 190.391991 seconds.
  path: Assets/Resources/Scenes/CHR1MagicalGirl.unity
  artifactKey: Guid(8ebc7f6d354a72e4eae1502e37486732) Importer(815301076,1909f56bfc062723c751e8b465ee728b)
Start importing Assets/Resources/Scenes/CHR1MagicalGirl.unity using Guid(8ebc7f6d354a72e4eae1502e37486732) Importer(815301076,1909f56bfc062723c751e8b465ee728b)  -> (artifact id: '7f8fae74ce21e94737e9ff72f1b46d27') in 0.022010 seconds
  Import took 0.028917 seconds .

========================================================================
Received Prepare
Registering precompiled user dll's ...
Registered in 0.021372 seconds.
Begin MonoManager ReloadAssembly
Native extension for WindowsStandalone target not found
Native extension for WebGL target not found
Refreshing native plugins compatible for Editor in 1.45 ms, found 3 plugins.
Preloading 0 native plugins for Editor in 0.00 ms.
WwiseUnity: Unable to load asset at <F:/Dev/Unity/GGJ21/Unityproj/PCBuild/Assets\Wwise\Editor\ProjectData\AkWwiseProjectData.asset>.
UnityEngine.StackTraceUtility:ExtractStackTrace ()
UnityEngine.DebugLogHandler:LogFormat (UnityEngine.LogType,UnityEngine.Object,string,object[])
UnityEngine.Logger:Log (UnityEngine.LogType,object)
UnityEngine.Debug:LogWarning (object)
AkWwiseProjectInfo:GetData () (at Assets/Wwise/Editor/WwiseWindows/AkWwiseProjectInfo.cs:46)
AkWwiseWWUBuilder:GatherModifiedFiles () (at Assets/Wwise/Editor/WwiseWindows/AkWwiseWWUBuilder.cs:376)
AkWwiseWWUBuilder:InitializeWwiseProjectData () (at Assets/Wwise/Editor/WwiseWindows/AkWwiseWWUBuilder.cs:69)
AkWwiseWWUBuilder:.cctor () (at Assets/Wwise/Editor/WwiseWindows/AkWwiseWWUBuilder.cs:285)
System.Runtime.CompilerServices.RuntimeHelpers:RunClassConstructor (System.RuntimeTypeHandle)
UnityEditor.EditorAssemblies:ProcessInitializeOnLoadAttributes (System.Type[])

(Filename: Assets/Wwise/Editor/WwiseWindows/AkWwiseProjectInfo.cs Line: 46)

Refreshing native plugins compatible for Editor in 1.11 ms, found 3 plugins.
Invoked RoslynAnalysisRunner static constructor.
RoslynAnalysisRunner will not be running.
RoslynAnalysisRunner has terminated.
Mono: successfully reloaded assembly
- Completed reload, in  1.971 seconds
Platform modules already initialized, skipping
Refreshing native plugins compatible for Editor in 3.79 ms, found 3 plugins.
Preloading 0 native plugins for Editor in 0.00 ms.
Unloading 2904 Unused Serialized files (Serialized files now loaded: 0)
System memory in use before: 119.9 MB.
System memory in use after: 120.0 MB.

Unloading 118 unused Assets to reduce memory usage. Loaded Objects now: 3299.
Total: 4.131800 ms (FindLiveObjects: 0.344400 ms CreateObjectMapping: 0.305700 ms MarkObjects: 3.313000 ms  DeleteObjects: 0.166700 ms)

AssetImportWorkerClient::OnTransportError - code=2 error=End of file
