Using pre-set license
Built from '2020.2/release' branch; Version is '2020.2.2f1 (068178b99f32) revision 426360'; Using compiler version '192528614'; Build Type 'Release'
OS: 'Windows 10 Pro; OS build 19042.746; Version 2009; 64bit' Language: 'en' Physical Memory: 16217 MB
BatchMode: 1, IsHumanControllingUs: 0, StartBugReporterOnCrash: 0, Is64bit: 1, IsPro: 0

 COMMAND LINE ARGUMENTS:
C:\Program Files\Unity\Hub\Editor\2020.2.2f1\Editor\Unity.exe
-adb2
-batchMode
-noUpm
-name
AssetImportWorker0
-projectPath
F:/Dev/Unity/GGJ21/Unityproj/PCBuild
-logFile
Logs/AssetImportWorker0.log
-srvPort
61551
Successfully changed project path to: F:/Dev/Unity/GGJ21/Unityproj/PCBuild
F:/Dev/Unity/GGJ21/Unityproj/PCBuild
Using Asset Import Pipeline V2.
Refreshing native plugins compatible for Editor in 98.96 ms, found 3 plugins.
Preloading 0 native plugins for Editor in 0.00 ms.
Initialize engine version: 2020.2.2f1 (068178b99f32)
[Subsystems] Discovering subsystems at path C:/Program Files/Unity/Hub/Editor/2020.2.2f1/Editor/Data/Resources/UnitySubsystems
[Subsystems] Discovering subsystems at path F:/Dev/Unity/GGJ21/Unityproj/PCBuild/Assets
GfxDevice: creating device client; threaded=0
Direct3D:
    Version:  Direct3D 11.0 [level 11.1]
    Renderer: Radeon RX 580 Series (ID=0x67df)
    Vendor:   
    VRAM:     8171 MB
    Driver:   27.20.14527.2002
Initialize mono
Mono path[0] = 'C:/Program Files/Unity/Hub/Editor/2020.2.2f1/Editor/Data/Managed'
Mono path[1] = 'C:/Program Files/Unity/Hub/Editor/2020.2.2f1/Editor/Data/MonoBleedingEdge/lib/mono/unityjit'
Mono config path = 'C:/Program Files/Unity/Hub/Editor/2020.2.2f1/Editor/Data/MonoBleedingEdge/etc'
Using monoOptions --debugger-agent=transport=dt_socket,embedding=1,server=y,suspend=n,address=127.0.0.1:56828
Begin MonoManager ReloadAssembly
Registering precompiled unity dll's ...
Register platform support module: C:/Program Files/Unity/Hub/Editor/2020.2.2f1/Editor/Data/PlaybackEngines/WebGLSupport/UnityEditor.WebGL.Extensions.dll
Register platform support module: C:/Program Files/Unity/Hub/Editor/2020.2.2f1/Editor/Data/PlaybackEngines/WindowsStandaloneSupport/UnityEditor.WindowsStandalone.Extensions.dll
Registered in 0.003378 seconds.
Native extension for WindowsStandalone target not found
Native extension for WebGL target not found
Refreshing native plugins compatible for Editor in 62.82 ms, found 3 plugins.
Preloading 0 native plugins for Editor in 0.00 ms.
Invoked RoslynAnalysisRunner static constructor.
RoslynAnalysisRunner will not be running.
RoslynAnalysisRunner has terminated.
Mono: successfully reloaded assembly
- Completed reload, in  2.317 seconds
Platform modules already initialized, skipping
Registering precompiled user dll's ...
Registered in 0.009966 seconds.
Begin MonoManager ReloadAssembly
Native extension for WindowsStandalone target not found
Native extension for WebGL target not found
Refreshing native plugins compatible for Editor in 64.24 ms, found 3 plugins.
Preloading 0 native plugins for Editor in 0.00 ms.
Refreshing native plugins compatible for Editor in 1.24 ms, found 3 plugins.
The file 'Assets/Wwise/Editor/ProjectData/AkWwiseProjectData.asset' seems to have merge conflicts. Please open it in a text editor and fix the merge.
UnityEngine.StackTraceUtility:ExtractStackTrace ()
UnityEditor.AssetDatabase:LoadAssetAtPath<AkWwiseProjectData> (string)
AkWwiseProjectInfo:GetData () (at Assets/Wwise/Editor/WwiseWindows/AkWwiseProjectInfo.cs:29)
AkWwiseWWUBuilder:GatherModifiedFiles () (at Assets/Wwise/Editor/WwiseWindows/AkWwiseWWUBuilder.cs:376)
AkWwiseWWUBuilder:InitializeWwiseProjectData () (at Assets/Wwise/Editor/WwiseWindows/AkWwiseWWUBuilder.cs:69)
AkWwiseWWUBuilder:.cctor () (at Assets/Wwise/Editor/WwiseWindows/AkWwiseWWUBuilder.cs:285)
System.Runtime.CompilerServices.RuntimeHelpers:RunClassConstructor (System.RuntimeTypeHandle)
UnityEditor.EditorAssemblies:ProcessInitializeOnLoadAttributes (System.Type[])

[Assets/Wwise/Editor/WwiseWindows/AkWwiseProjectInfo.cs line 29]

WwiseUnity: Unable to load asset at <F:/Dev/Unity/GGJ21/Unityproj/PCBuild/Assets\Wwise\Editor\ProjectData\AkWwiseProjectData.asset>.
UnityEngine.StackTraceUtility:ExtractStackTrace ()
UnityEngine.DebugLogHandler:LogFormat (UnityEngine.LogType,UnityEngine.Object,string,object[])
UnityEngine.Logger:Log (UnityEngine.LogType,object)
UnityEngine.Debug:LogWarning (object)
AkWwiseProjectInfo:GetData () (at Assets/Wwise/Editor/WwiseWindows/AkWwiseProjectInfo.cs:46)
AkWwiseWWUBuilder:GatherModifiedFiles () (at Assets/Wwise/Editor/WwiseWindows/AkWwiseWWUBuilder.cs:376)
AkWwiseWWUBuilder:InitializeWwiseProjectData () (at Assets/Wwise/Editor/WwiseWindows/AkWwiseWWUBuilder.cs:69)
AkWwiseWWUBuilder:.cctor () (at Assets/Wwise/Editor/WwiseWindows/AkWwiseWWUBuilder.cs:285)
System.Runtime.CompilerServices.RuntimeHelpers:RunClassConstructor (System.RuntimeTypeHandle)
UnityEditor.EditorAssemblies:ProcessInitializeOnLoadAttributes (System.Type[])

(Filename: Assets/Wwise/Editor/WwiseWindows/AkWwiseProjectInfo.cs Line: 46)

DisplayProgressbar: Populating Wwise Picker
Invoked RoslynAnalysisRunner static constructor.
RoslynAnalysisRunner will not be running.
RoslynAnalysisRunner has terminated.
Mono: successfully reloaded assembly
- Completed reload, in  2.094 seconds
Platform modules already initialized, skipping
========================================================================
Worker process is ready to serve import requests
Launched and connected shader compiler UnityShaderCompiler.exe after 0.06 seconds
Refreshing native plugins compatible for Editor in 1.18 ms, found 3 plugins.
Preloading 0 native plugins for Editor in 0.00 ms.
Unloading 2919 Unused Serialized files (Serialized files now loaded: 0)
System memory in use before: 117.8 MB.
System memory in use after: 117.9 MB.

Unloading 130 unused Assets to reduce memory usage. Loaded Objects now: 3258.
Total: 5.130600 ms (FindLiveObjects: 0.679400 ms CreateObjectMapping: 0.332400 ms MarkObjects: 3.834700 ms  DeleteObjects: 0.281300 ms)

========================================================================
Received Import Request.
  path: Assets/Resources/Scenes/Intro.unity
  artifactKey: Guid(4be1b390baabeb54c8a43a7533c8b3ed) Importer(815301076,1909f56bfc062723c751e8b465ee728b)
Start importing Assets/Resources/Scenes/Intro.unity using Guid(4be1b390baabeb54c8a43a7533c8b3ed) Importer(815301076,1909f56bfc062723c751e8b465ee728b)  -> (artifact id: 'a2a2fa239b08f4162cb4e49230b106c3') in 0.021065 seconds
  Import took 0.026050 seconds .

========================================================================
Received Import Request.
  Time since last request: 11.654056 seconds.
  path: Assets/Resources/Scenes/End.unity
  artifactKey: Guid(e148864244fe60e4a9b1cbbe7d8b36fe) Importer(815301076,1909f56bfc062723c751e8b465ee728b)
Start importing Assets/Resources/Scenes/End.unity using Guid(e148864244fe60e4a9b1cbbe7d8b36fe) Importer(815301076,1909f56bfc062723c751e8b465ee728b)  -> (artifact id: 'eff2b303e73b5c71c0ed6f482695a022') in 0.009818 seconds
  Import took 0.019411 seconds .

========================================================================
Received Import Request.
  Time since last request: 228.376336 seconds.
  path: Assets/Resources/Prefabs/SayPCDialog.prefab
  artifactKey: Guid(7b433dcde03490c44884c0f59ec05171) Importer(815301076,1909f56bfc062723c751e8b465ee728b)
Start importing Assets/Resources/Prefabs/SayPCDialog.prefab using Guid(7b433dcde03490c44884c0f59ec05171) Importer(815301076,1909f56bfc062723c751e8b465ee728b)  -> (artifact id: 'ab65df3b34c651c344de213bdc54e486') in 0.143555 seconds
  Import took 0.212891 seconds .

========================================================================
Received Import Request.
  Time since last request: 20.621495 seconds.
  path: Assets/Resources/Prefabs/SayPCDialog.prefab
  artifactKey: Guid(7b433dcde03490c44884c0f59ec05171) Importer(815301076,1909f56bfc062723c751e8b465ee728b)
Start importing Assets/Resources/Prefabs/SayPCDialog.prefab using Guid(7b433dcde03490c44884c0f59ec05171) Importer(815301076,1909f56bfc062723c751e8b465ee728b)  -> (artifact id: '4dbffe7e71e2f5c1f49c60a146751933') in 0.045096 seconds
  Import took 0.066752 seconds .

========================================================================
Received Import Request.
  Time since last request: 17.545064 seconds.
  path: Assets/Resources/Scenes/End.unity
  artifactKey: Guid(e148864244fe60e4a9b1cbbe7d8b36fe) Importer(815301076,1909f56bfc062723c751e8b465ee728b)
Start importing Assets/Resources/Scenes/End.unity using Guid(e148864244fe60e4a9b1cbbe7d8b36fe) Importer(815301076,1909f56bfc062723c751e8b465ee728b)  -> (artifact id: '367078becd16b73e3c22fc8eca5dd9c5') in 0.012174 seconds
  Import took 0.023242 seconds .

========================================================================
Received Import Request.
  Time since last request: 178.654451 seconds.
  path: Assets/Resources/Scenes/End.unity
  artifactKey: Guid(e148864244fe60e4a9b1cbbe7d8b36fe) Importer(815301076,1909f56bfc062723c751e8b465ee728b)
Start importing Assets/Resources/Scenes/End.unity using Guid(e148864244fe60e4a9b1cbbe7d8b36fe) Importer(815301076,1909f56bfc062723c751e8b465ee728b)  -> (artifact id: '26aad853de9af01878d41954e740f14a') in 0.006869 seconds
  Import took 0.013470 seconds .

========================================================================
Received Import Request.
  Time since last request: 37.838478 seconds.
  path: Assets/Resources/Assets/UI/ConCrowd.png
  artifactKey: Guid(2f5c1312ad537d549bc6edaa44edeede) Importer(815301076,1909f56bfc062723c751e8b465ee728b)
Start importing Assets/Resources/Assets/UI/ConCrowd.png using Guid(2f5c1312ad537d549bc6edaa44edeede) Importer(815301076,1909f56bfc062723c751e8b465ee728b)  -> (artifact id: 'c330b17b78d3ced940127c2b8544deea') in 0.136762 seconds
  Import took 0.143015 seconds .

========================================================================
Received Import Request.
  Time since last request: 106.935943 seconds.
  path: Assets/Resources/Scenes/Start.unity
  artifactKey: Guid(9a5ae8ed798b8bf4a853589ca7d23dce) Importer(815301076,1909f56bfc062723c751e8b465ee728b)
Start importing Assets/Resources/Scenes/Start.unity using Guid(9a5ae8ed798b8bf4a853589ca7d23dce) Importer(815301076,1909f56bfc062723c751e8b465ee728b)  -> (artifact id: '6a25db3c7da9462a513fb90e71c62d73') in 0.007588 seconds
  Import took 0.017259 seconds .

========================================================================
Received Prepare
Registering precompiled user dll's ...
Registered in 0.010601 seconds.
Begin MonoManager ReloadAssembly
Native extension for WindowsStandalone target not found
Native extension for WebGL target not found
Refreshing native plugins compatible for Editor in 1.12 ms, found 3 plugins.
Preloading 0 native plugins for Editor in 0.00 ms.
WwiseUnity: Unable to load asset at <F:/Dev/Unity/GGJ21/Unityproj/PCBuild/Assets\Wwise\Editor\ProjectData\AkWwiseProjectData.asset>.
UnityEngine.StackTraceUtility:ExtractStackTrace ()
UnityEngine.DebugLogHandler:LogFormat (UnityEngine.LogType,UnityEngine.Object,string,object[])
UnityEngine.Logger:Log (UnityEngine.LogType,object)
UnityEngine.Debug:LogWarning (object)
AkWwiseProjectInfo:GetData () (at Assets/Wwise/Editor/WwiseWindows/AkWwiseProjectInfo.cs:46)
AkWwiseWWUBuilder:GatherModifiedFiles () (at Assets/Wwise/Editor/WwiseWindows/AkWwiseWWUBuilder.cs:376)
AkWwiseWWUBuilder:InitializeWwiseProjectData () (at Assets/Wwise/Editor/WwiseWindows/AkWwiseWWUBuilder.cs:69)
AkWwiseWWUBuilder:.cctor () (at Assets/Wwise/Editor/WwiseWindows/AkWwiseWWUBuilder.cs:285)
System.Runtime.CompilerServices.RuntimeHelpers:RunClassConstructor (System.RuntimeTypeHandle)
UnityEditor.EditorAssemblies:ProcessInitializeOnLoadAttributes (System.Type[])

(Filename: Assets/Wwise/Editor/WwiseWindows/AkWwiseProjectInfo.cs Line: 46)

Refreshing native plugins compatible for Editor in 1.19 ms, found 3 plugins.
Invoked RoslynAnalysisRunner static constructor.
RoslynAnalysisRunner will not be running.
RoslynAnalysisRunner has terminated.
Mono: successfully reloaded assembly
- Completed reload, in  1.726 seconds
Platform modules already initialized, skipping
Refreshing native plugins compatible for Editor in 1.02 ms, found 3 plugins.
Preloading 0 native plugins for Editor in 0.00 ms.
Unloading 2903 Unused Serialized files (Serialized files now loaded: 0)
System memory in use before: 123.1 MB.
System memory in use after: 123.2 MB.

Unloading 118 unused Assets to reduce memory usage. Loaded Objects now: 3270.
Total: 3.725400 ms (FindLiveObjects: 0.411400 ms CreateObjectMapping: 0.264900 ms MarkObjects: 2.850100 ms  DeleteObjects: 0.197500 ms)

========================================================================
Received Prepare
Registering precompiled user dll's ...
Registered in 0.009457 seconds.
Begin MonoManager ReloadAssembly
Native extension for WindowsStandalone target not found
Native extension for WebGL target not found
Refreshing native plugins compatible for Editor in 1.13 ms, found 3 plugins.
Preloading 0 native plugins for Editor in 0.00 ms.
WwiseUnity: Unable to load asset at <F:/Dev/Unity/GGJ21/Unityproj/PCBuild/Assets\Wwise\Editor\ProjectData\AkWwiseProjectData.asset>.
UnityEngine.StackTraceUtility:ExtractStackTrace ()
UnityEngine.DebugLogHandler:LogFormat (UnityEngine.LogType,UnityEngine.Object,string,object[])
UnityEngine.Logger:Log (UnityEngine.LogType,object)
UnityEngine.Debug:LogWarning (object)
AkWwiseProjectInfo:GetData () (at Assets/Wwise/Editor/WwiseWindows/AkWwiseProjectInfo.cs:46)
AkWwiseWWUBuilder:GatherModifiedFiles () (at Assets/Wwise/Editor/WwiseWindows/AkWwiseWWUBuilder.cs:376)
AkWwiseWWUBuilder:InitializeWwiseProjectData () (at Assets/Wwise/Editor/WwiseWindows/AkWwiseWWUBuilder.cs:69)
AkWwiseWWUBuilder:.cctor () (at Assets/Wwise/Editor/WwiseWindows/AkWwiseWWUBuilder.cs:285)
System.Runtime.CompilerServices.RuntimeHelpers:RunClassConstructor (System.RuntimeTypeHandle)
UnityEditor.EditorAssemblies:ProcessInitializeOnLoadAttributes (System.Type[])

(Filename: Assets/Wwise/Editor/WwiseWindows/AkWwiseProjectInfo.cs Line: 46)

Refreshing native plugins compatible for Editor in 1.07 ms, found 3 plugins.
Invoked RoslynAnalysisRunner static constructor.
RoslynAnalysisRunner will not be running.
RoslynAnalysisRunner has terminated.
Mono: successfully reloaded assembly
- Completed reload, in  1.744 seconds
Platform modules already initialized, skipping
Refreshing native plugins compatible for Editor in 1.26 ms, found 3 plugins.
Preloading 0 native plugins for Editor in 0.00 ms.
Unloading 2903 Unused Serialized files (Serialized files now loaded: 0)
System memory in use before: 122.5 MB.
System memory in use after: 122.6 MB.

Unloading 118 unused Assets to reduce memory usage. Loaded Objects now: 3274.
Total: 3.991300 ms (FindLiveObjects: 0.385900 ms CreateObjectMapping: 0.268400 ms MarkObjects: 3.102900 ms  DeleteObjects: 0.232600 ms)

========================================================================
Received Prepare
Registering precompiled user dll's ...
Registered in 0.010006 seconds.
Begin MonoManager ReloadAssembly
Native extension for WindowsStandalone target not found
Native extension for WebGL target not found
Refreshing native plugins compatible for Editor in 1.17 ms, found 3 plugins.
Preloading 0 native plugins for Editor in 0.00 ms.
WwiseUnity: Unable to load asset at <F:/Dev/Unity/GGJ21/Unityproj/PCBuild/Assets\Wwise\Editor\ProjectData\AkWwiseProjectData.asset>.
UnityEngine.StackTraceUtility:ExtractStackTrace ()
UnityEngine.DebugLogHandler:LogFormat (UnityEngine.LogType,UnityEngine.Object,string,object[])
UnityEngine.Logger:Log (UnityEngine.LogType,object)
UnityEngine.Debug:LogWarning (object)
AkWwiseProjectInfo:GetData () (at Assets/Wwise/Editor/WwiseWindows/AkWwiseProjectInfo.cs:46)
AkWwiseWWUBuilder:GatherModifiedFiles () (at Assets/Wwise/Editor/WwiseWindows/AkWwiseWWUBuilder.cs:376)
AkWwiseWWUBuilder:InitializeWwiseProjectData () (at Assets/Wwise/Editor/WwiseWindows/AkWwiseWWUBuilder.cs:69)
AkWwiseWWUBuilder:.cctor () (at Assets/Wwise/Editor/WwiseWindows/AkWwiseWWUBuilder.cs:285)
System.Runtime.CompilerServices.RuntimeHelpers:RunClassConstructor (System.RuntimeTypeHandle)
UnityEditor.EditorAssemblies:ProcessInitializeOnLoadAttributes (System.Type[])

(Filename: Assets/Wwise/Editor/WwiseWindows/AkWwiseProjectInfo.cs Line: 46)

Refreshing native plugins compatible for Editor in 1.13 ms, found 3 plugins.
Invoked RoslynAnalysisRunner static constructor.
RoslynAnalysisRunner will not be running.
RoslynAnalysisRunner has terminated.
Mono: successfully reloaded assembly
- Completed reload, in  1.696 seconds
Platform modules already initialized, skipping
Refreshing native plugins compatible for Editor in 1.80 ms, found 3 plugins.
Preloading 0 native plugins for Editor in 0.00 ms.
Unloading 2903 Unused Serialized files (Serialized files now loaded: 0)
System memory in use before: 122.9 MB.
System memory in use after: 123.0 MB.

Unloading 118 unused Assets to reduce memory usage. Loaded Objects now: 3278.
Total: 3.535400 ms (FindLiveObjects: 0.351000 ms CreateObjectMapping: 0.254100 ms MarkObjects: 2.771600 ms  DeleteObjects: 0.157000 ms)

========================================================================
Received Prepare
Registering precompiled user dll's ...
Registered in 0.009462 seconds.
Begin MonoManager ReloadAssembly
Native extension for WindowsStandalone target not found
Native extension for WebGL target not found
Refreshing native plugins compatible for Editor in 1.63 ms, found 3 plugins.
Preloading 0 native plugins for Editor in 0.00 ms.
WwiseUnity: Unable to load asset at <F:/Dev/Unity/GGJ21/Unityproj/PCBuild/Assets\Wwise\Editor\ProjectData\AkWwiseProjectData.asset>.
UnityEngine.StackTraceUtility:ExtractStackTrace ()
UnityEngine.DebugLogHandler:LogFormat (UnityEngine.LogType,UnityEngine.Object,string,object[])
UnityEngine.Logger:Log (UnityEngine.LogType,object)
UnityEngine.Debug:LogWarning (object)
AkWwiseProjectInfo:GetData () (at Assets/Wwise/Editor/WwiseWindows/AkWwiseProjectInfo.cs:46)
AkWwiseWWUBuilder:GatherModifiedFiles () (at Assets/Wwise/Editor/WwiseWindows/AkWwiseWWUBuilder.cs:376)
AkWwiseWWUBuilder:InitializeWwiseProjectData () (at Assets/Wwise/Editor/WwiseWindows/AkWwiseWWUBuilder.cs:69)
AkWwiseWWUBuilder:.cctor () (at Assets/Wwise/Editor/WwiseWindows/AkWwiseWWUBuilder.cs:285)
System.Runtime.CompilerServices.RuntimeHelpers:RunClassConstructor (System.RuntimeTypeHandle)
UnityEditor.EditorAssemblies:ProcessInitializeOnLoadAttributes (System.Type[])

(Filename: Assets/Wwise/Editor/WwiseWindows/AkWwiseProjectInfo.cs Line: 46)

Refreshing native plugins compatible for Editor in 1.47 ms, found 3 plugins.
Invoked RoslynAnalysisRunner static constructor.
RoslynAnalysisRunner will not be running.
RoslynAnalysisRunner has terminated.
Mono: successfully reloaded assembly
- Completed reload, in  1.729 seconds
Platform modules already initialized, skipping
Refreshing native plugins compatible for Editor in 1.34 ms, found 3 plugins.
Preloading 0 native plugins for Editor in 0.00 ms.
Unloading 2903 Unused Serialized files (Serialized files now loaded: 0)
System memory in use before: 123.1 MB.
System memory in use after: 123.2 MB.

Unloading 118 unused Assets to reduce memory usage. Loaded Objects now: 3282.
Total: 3.973600 ms (FindLiveObjects: 0.368000 ms CreateObjectMapping: 0.301200 ms MarkObjects: 3.126500 ms  DeleteObjects: 0.176100 ms)

========================================================================
Received Prepare
Registering precompiled user dll's ...
Registered in 0.009873 seconds.
Begin MonoManager ReloadAssembly
Native extension for WindowsStandalone target not found
Native extension for WebGL target not found
Refreshing native plugins compatible for Editor in 1.08 ms, found 3 plugins.
Preloading 0 native plugins for Editor in 0.00 ms.
WwiseUnity: Unable to load asset at <F:/Dev/Unity/GGJ21/Unityproj/PCBuild/Assets\Wwise\Editor\ProjectData\AkWwiseProjectData.asset>.
UnityEngine.StackTraceUtility:ExtractStackTrace ()
UnityEngine.DebugLogHandler:LogFormat (UnityEngine.LogType,UnityEngine.Object,string,object[])
UnityEngine.Logger:Log (UnityEngine.LogType,object)
UnityEngine.Debug:LogWarning (object)
AkWwiseProjectInfo:GetData () (at Assets/Wwise/Editor/WwiseWindows/AkWwiseProjectInfo.cs:46)
AkWwiseWWUBuilder:GatherModifiedFiles () (at Assets/Wwise/Editor/WwiseWindows/AkWwiseWWUBuilder.cs:376)
AkWwiseWWUBuilder:InitializeWwiseProjectData () (at Assets/Wwise/Editor/WwiseWindows/AkWwiseWWUBuilder.cs:69)
AkWwiseWWUBuilder:.cctor () (at Assets/Wwise/Editor/WwiseWindows/AkWwiseWWUBuilder.cs:285)
System.Runtime.CompilerServices.RuntimeHelpers:RunClassConstructor (System.RuntimeTypeHandle)
UnityEditor.EditorAssemblies:ProcessInitializeOnLoadAttributes (System.Type[])

(Filename: Assets/Wwise/Editor/WwiseWindows/AkWwiseProjectInfo.cs Line: 46)

Refreshing native plugins compatible for Editor in 1.18 ms, found 3 plugins.
Invoked RoslynAnalysisRunner static constructor.
RoslynAnalysisRunner will not be running.
RoslynAnalysisRunner has terminated.
Mono: successfully reloaded assembly
- Completed reload, in  1.680 seconds
Platform modules already initialized, skipping
Refreshing native plugins compatible for Editor in 1.27 ms, found 3 plugins.
Preloading 0 native plugins for Editor in 0.00 ms.
Unloading 2903 Unused Serialized files (Serialized files now loaded: 0)
System memory in use before: 123.2 MB.
System memory in use after: 123.4 MB.

Unloading 118 unused Assets to reduce memory usage. Loaded Objects now: 3286.
Total: 4.160500 ms (FindLiveObjects: 0.370200 ms CreateObjectMapping: 0.266000 ms MarkObjects: 3.352500 ms  DeleteObjects: 0.170000 ms)

========================================================================
Received Prepare
Registering precompiled user dll's ...
Registered in 0.009958 seconds.
Begin MonoManager ReloadAssembly
Native extension for WindowsStandalone target not found
Native extension for WebGL target not found
Refreshing native plugins compatible for Editor in 1.16 ms, found 3 plugins.
Preloading 0 native plugins for Editor in 0.00 ms.
WwiseUnity: Unable to load asset at <F:/Dev/Unity/GGJ21/Unityproj/PCBuild/Assets\Wwise\Editor\ProjectData\AkWwiseProjectData.asset>.
UnityEngine.StackTraceUtility:ExtractStackTrace ()
UnityEngine.DebugLogHandler:LogFormat (UnityEngine.LogType,UnityEngine.Object,string,object[])
UnityEngine.Logger:Log (UnityEngine.LogType,object)
UnityEngine.Debug:LogWarning (object)
AkWwiseProjectInfo:GetData () (at Assets/Wwise/Editor/WwiseWindows/AkWwiseProjectInfo.cs:46)
AkWwiseWWUBuilder:GatherModifiedFiles () (at Assets/Wwise/Editor/WwiseWindows/AkWwiseWWUBuilder.cs:376)
AkWwiseWWUBuilder:InitializeWwiseProjectData () (at Assets/Wwise/Editor/WwiseWindows/AkWwiseWWUBuilder.cs:69)
AkWwiseWWUBuilder:.cctor () (at Assets/Wwise/Editor/WwiseWindows/AkWwiseWWUBuilder.cs:285)
System.Runtime.CompilerServices.RuntimeHelpers:RunClassConstructor (System.RuntimeTypeHandle)
UnityEditor.EditorAssemblies:ProcessInitializeOnLoadAttributes (System.Type[])

(Filename: Assets/Wwise/Editor/WwiseWindows/AkWwiseProjectInfo.cs Line: 46)

Refreshing native plugins compatible for Editor in 1.20 ms, found 3 plugins.
Invoked RoslynAnalysisRunner static constructor.
RoslynAnalysisRunner will not be running.
RoslynAnalysisRunner has terminated.
Mono: successfully reloaded assembly
- Completed reload, in  1.760 seconds
Platform modules already initialized, skipping
Refreshing native plugins compatible for Editor in 1.21 ms, found 3 plugins.
Preloading 0 native plugins for Editor in 0.00 ms.
Unloading 2903 Unused Serialized files (Serialized files now loaded: 0)
System memory in use before: 122.6 MB.
System memory in use after: 122.7 MB.

Unloading 118 unused Assets to reduce memory usage. Loaded Objects now: 3290.
Total: 4.241300 ms (FindLiveObjects: 0.379700 ms CreateObjectMapping: 0.582100 ms MarkObjects: 3.109700 ms  DeleteObjects: 0.168200 ms)

========================================================================
Received Prepare
Registering precompiled user dll's ...
Registered in 0.009931 seconds.
Begin MonoManager ReloadAssembly
Native extension for WindowsStandalone target not found
Native extension for WebGL target not found
Refreshing native plugins compatible for Editor in 1.44 ms, found 3 plugins.
Preloading 0 native plugins for Editor in 0.00 ms.
WwiseUnity: Unable to load asset at <F:/Dev/Unity/GGJ21/Unityproj/PCBuild/Assets\Wwise\Editor\ProjectData\AkWwiseProjectData.asset>.
UnityEngine.StackTraceUtility:ExtractStackTrace ()
UnityEngine.DebugLogHandler:LogFormat (UnityEngine.LogType,UnityEngine.Object,string,object[])
UnityEngine.Logger:Log (UnityEngine.LogType,object)
UnityEngine.Debug:LogWarning (object)
AkWwiseProjectInfo:GetData () (at Assets/Wwise/Editor/WwiseWindows/AkWwiseProjectInfo.cs:46)
AkWwiseWWUBuilder:GatherModifiedFiles () (at Assets/Wwise/Editor/WwiseWindows/AkWwiseWWUBuilder.cs:376)
AkWwiseWWUBuilder:InitializeWwiseProjectData () (at Assets/Wwise/Editor/WwiseWindows/AkWwiseWWUBuilder.cs:69)
AkWwiseWWUBuilder:.cctor () (at Assets/Wwise/Editor/WwiseWindows/AkWwiseWWUBuilder.cs:285)
System.Runtime.CompilerServices.RuntimeHelpers:RunClassConstructor (System.RuntimeTypeHandle)
UnityEditor.EditorAssemblies:ProcessInitializeOnLoadAttributes (System.Type[])

(Filename: Assets/Wwise/Editor/WwiseWindows/AkWwiseProjectInfo.cs Line: 46)

Refreshing native plugins compatible for Editor in 1.54 ms, found 3 plugins.
Invoked RoslynAnalysisRunner static constructor.
RoslynAnalysisRunner will not be running.
RoslynAnalysisRunner has terminated.
Mono: successfully reloaded assembly
- Completed reload, in  1.844 seconds
Platform modules already initialized, skipping
Refreshing native plugins compatible for Editor in 1.09 ms, found 3 plugins.
Preloading 0 native plugins for Editor in 0.00 ms.
Unloading 2903 Unused Serialized files (Serialized files now loaded: 0)
System memory in use before: 122.8 MB.
System memory in use after: 122.9 MB.

Unloading 118 unused Assets to reduce memory usage. Loaded Objects now: 3294.
Total: 4.171200 ms (FindLiveObjects: 0.392100 ms CreateObjectMapping: 0.258900 ms MarkObjects: 3.212100 ms  DeleteObjects: 0.300600 ms)

AssetImportWorkerClient::OnTransportError - code=2 error=End of file
